Log file open, 08/21/17 15:08:06
LogWindows: LoadLibraryWithSearchPaths failed for file aqProf.dll. GetLastError=0
LogWindows: LoadLibraryWithSearchPaths failed for file VtuneApi.dll. GetLastError=0
LogWindows: LoadLibraryWithSearchPaths failed for file VtuneApi32e.dll. GetLastError=0
LogInit: Display: Running engine for game: summer
LogInit: Display: Project file not found: ../../../summer/summer.uproject
LogInit: Display: 	Attempting to find via project info helper.
LogUProjectInfo: Found projects:
LogPlatformFile: Not using cached read wrapper
LogInit: Display: RandInit(-255417608) SRandInit(-255417608).
LogTaskGraph: Started task graph with 5 named threads and 14 total threads with 3 sets of task threads.
LogStats: Stats thread started at 0.147053
LogD3D11RHI: Aftermath initialized
LogPluginManager: Mounting plugin Paper2D
LogPluginManager: Mounting plugin OculusVR
LogPluginManager: Mounting plugin AndroidPermission
LogPluginManager: Mounting plugin ArchVisCharacter
LogPluginManager: Mounting plugin CableComponent
LogPluginManager: Mounting plugin CustomMeshComponent
LogPluginManager: Mounting plugin ExampleDeviceProfileSelector
LogPluginManager: Mounting plugin ImmediatePhysics
LogPluginManager: Mounting plugin LocationServicesBPLibrary
LogPluginManager: Mounting plugin MobilePatchingUtils
LogPluginManager: Mounting plugin PhysXVehicles
LogPluginManager: Mounting plugin ProceduralMeshComponent
LogPluginManager: Mounting plugin RuntimePhysXCooking
LogPluginManager: Mounting plugin SteamVR
LogPluginManager: Mounting plugin WindowsMoviePlayer
LogPluginManager: Mounting plugin LightPropagationVolume
LogPluginManager: Mounting plugin FacialAnimation
LogPluginManager: Mounting plugin CharacterAI
LogPluginManager: Mounting plugin HTML5Networking
LogPluginManager: Mounting plugin AndroidMedia
LogPluginManager: Mounting plugin AvfMedia
LogPluginManager: Mounting plugin WmfMedia
LogPluginManager: Mounting plugin TcpMessaging
LogPluginManager: Mounting plugin UdpMessaging
LogPluginManager: Mounting plugin OnlineSubsystem
LogPluginManager: Mounting plugin OnlineSubsystemNull
LogPluginManager: Mounting plugin OnlineSubsystemUtils
LogInit: Using libcurl 7.47.1
LogInit:  - built for x86_64-pc-win32
LogInit:  - supports SSL with OpenSSL/1.0.2g
LogInit:  - supports HTTP deflate (compression) using libz 1.2.8
LogInit:  - other features:
LogInit:      CURL_VERSION_SSL
LogInit:      CURL_VERSION_LIBZ
LogInit:      CURL_VERSION_IPV6
LogInit:      CURL_VERSION_ASYNCHDNS
LogInit:      CURL_VERSION_LARGEFILE
LogInit:      CURL_VERSION_IDN
LogInit:  CurlRequestOptions (configurable via config and command line):
LogInit:  - bVerifyPeer = false  - Libcurl will NOT verify peer certificate
LogInit:  - bUseHttpProxy = false  - Libcurl will NOT use HTTP proxy
LogInit:  - bDontReuseConnections = false  - Libcurl will reuse connections
LogInit:  - CertBundlePath = nullptr  - Libcurl will use whatever was configured at build time.
LogInit: Build: ++UE4+Release-4.17-CL-3586342
LogInit: Engine Version: 4.17.1-3586342+++UE4+Release-4.17
LogInit: Compatible Engine Version: 4.17.0-3573198+++UE4+Release-4.17
LogInit: Net CL: 3573198
LogDevObjectVersion: Number of dev versions registered: 16
LogDevObjectVersion:   Dev-Blueprints (B0D832E4-1F89-4F0D-ACCF-7EB736FD4AA2): 10
LogDevObjectVersion:   Dev-Build (E1C64328-A22C-4D53-A36C-8E866417BD8C): 0
LogDevObjectVersion:   Dev-Core (375EC13C-06E4-48FB-B500-84F0262A717E): 2
LogDevObjectVersion:   Dev-Editor (E4B068ED-F494-42E9-A231-DA0B2E46BB41): 20
LogDevObjectVersion:   Dev-Framework (CFFC743F-43B0-4480-9391-14DF171D2073): 28
LogDevObjectVersion:   Dev-Mobile (B02B49B5-BB20-44E9-A304-32B752E40360): 0
LogDevObjectVersion:   Dev-Networking (A4E4105C-59A1-49B5-A7C5-40C4547EDFEE): 0
LogDevObjectVersion:   Dev-Online (39C831C9-5AE6-47DC-9A44-9C173E1C8E7C): 0
LogDevObjectVersion:   Dev-Physics (78F01B33-EBEA-4F98-B9B4-84EACCB95AA2): 0
LogDevObjectVersion:   Dev-Platform (6631380F-2D4D-43E0-8009-CF276956A95A): 0
LogDevObjectVersion:   Dev-Rendering (12F88B9F-8875-4AFC-A67C-D90C383ABD29): 19
LogDevObjectVersion:   Dev-Sequencer (7B5AE74C-D270-4C10-A958-57980B212A5A): 4
LogDevObjectVersion:   Dev-VR (D7296918-1DD6-4BDD-9DE2-64A83CC13884): 0
LogDevObjectVersion:   Dev-LoadTimes (C2A15278-BFE7-4AFE-6C17-90FF531DF755): 1
LogDevObjectVersion:   Private-Geometry (6EACA3D4-40EC-4CC1-B786-8BED09428FC5): 1
LogDevObjectVersion:   Dev-AnimPhys (29E575DD-E0A3-4627-9D10-D276232CDCEA): 7
LogInit: Compiled (64-bit): Aug 15 2017 02:07:53
LogInit: Compiled with Visual C++: 19.00.24215.01
LogInit: Build Configuration: Development
LogInit: Branch Name: ++UE4+Release-4.17
LogInit: Command line:  
LogInit: Base directory: E:/summer/WindowsNoEditor/Engine/Binaries/Win64/
LogInit: Installed Engine Build: 0
LogInit: Presizing for max 2097152 objects, including 0 objects not considered by GC, pre-allocating 0 bytes for permanent pool.
LogStreaming: Display: Async Loading initialized: Event Driven Loader: true, Async Loading Thread: true
LogInit: Object subsystem initialized
[2017.08.21-06.08.06:268][  0]LogInit: Selected Device Profile: [WindowsNoEditor]
[2017.08.21-06.08.06:268][  0]LogInit: Applying CVar settings loaded from the selected device profile: [WindowsNoEditor]
[2017.08.21-06.08.06:274][  0]LogInit: Computer: DESKTOP-L8K1I79
[2017.08.21-06.08.06:274][  0]LogInit: User: right
[2017.08.21-06.08.06:274][  0]LogInit: CPU Page size=4096, Cores=4
[2017.08.21-06.08.06:274][  0]LogInit: High frequency timer resolution =3.515614 MHz
[2017.08.21-06.08.06:275][  0]LogMemory: Memory total: Physical=15.9GB (16GB approx)
[2017.08.21-06.08.06:275][  0]LogMemory: Platform Memory Stats for WindowsNoEditor
[2017.08.21-06.08.06:275][  0]LogMemory: Process Physical Memory: 98.40 MB used, 98.40 MB peak
[2017.08.21-06.08.06:275][  0]LogMemory: Process Virtual Memory: 111.58 MB used, 111.58 MB peak
[2017.08.21-06.08.06:275][  0]LogMemory: Physical Memory: 6844.95 MB used,  9453.73 MB free, 16298.68 MB total
[2017.08.21-06.08.06:275][  0]LogMemory: Virtual Memory: 341.72 MB used,  9453.73 MB free, 134217728.00 MB total
[2017.08.21-06.08.06:356][  0]LogInit: Using OS detected language (ja-JP).
[2017.08.21-06.08.06:356][  0]LogInit: Using OS detected locale (ja-JP).
[2017.08.21-06.08.06:357][  0]LogTextLocalizationManager: No localization for 'ja-JP' exists, so 'en' will be used for the language.
[2017.08.21-06.08.06:357][  0]LogTextLocalizationManager: No localization for 'ja-JP' exists, so 'en' will be used for the locale.
[2017.08.21-06.08.06:409][  0]LogD3D11RHI: D3D11 adapters:
[2017.08.21-06.08.06:967][  0]LogD3D11RHI:    0. 'NVIDIA GeForce GTX 1070' (Feature Level 11_0)
[2017.08.21-06.08.06:967][  0]LogD3D11RHI:       8085/0/8149 MB DedicatedVideo/DedicatedSystem/SharedSystem, Outputs:1, VendorId:0x10de
[2017.08.21-06.08.06:969][  0]LogD3D11RHI:    1. 'Microsoft Basic Render Driver' (Feature Level 11_0)
[2017.08.21-06.08.06:969][  0]LogD3D11RHI:       0/0/8149 MB DedicatedVideo/DedicatedSystem/SharedSystem, Outputs:0, VendorId:0x1414
[2017.08.21-06.08.06:969][  0]LogD3D11RHI: Chosen D3D11 Adapter: 0
[2017.08.21-06.08.06:976][  0]LogD3D11RHI: Creating new Direct3DDevice
[2017.08.21-06.08.06:976][  0]LogD3D11RHI:     GPU DeviceId: 0x1b81 (for the marketing name, search the web for "GPU Device Id")
[2017.08.21-06.08.06:976][  0]LogWindows: EnumDisplayDevices:
[2017.08.21-06.08.06:976][  0]LogWindows:    0. 'NVIDIA GeForce GTX 1070' (P:1 D:1)
[2017.08.21-06.08.06:976][  0]LogWindows:    1. 'NVIDIA GeForce GTX 1070' (P:0 D:0)
[2017.08.21-06.08.06:976][  0]LogWindows:    2. 'NVIDIA GeForce GTX 1070' (P:0 D:0)
[2017.08.21-06.08.06:976][  0]LogWindows:    3. 'NVIDIA GeForce GTX 1070' (P:0 D:0)
[2017.08.21-06.08.06:976][  0]LogWindows: DebugString: FoundDriverCount:4 
[2017.08.21-06.08.06:976][  0]LogD3D11RHI:     Adapter Name: NVIDIA GeForce GTX 1070
[2017.08.21-06.08.06:976][  0]LogD3D11RHI:   Driver Version: 385.28 (internal:22.21.13.8528, unified:385.28)
[2017.08.21-06.08.06:976][  0]LogD3D11RHI:      Driver Date: 8-9-2017
[2017.08.21-06.08.06:976][  0]LogRHI: Texture pool is 1361 MB (70% of 1945 MB)
[2017.08.21-06.08.07:494][  0]LogD3D11RHI: Async texture creation enabled
[2017.08.21-06.08.07:531][  0]LogD3D11RHI: GPU Timing Frequency: 1000.000000 (Debug: 2 1)
[2017.08.21-06.08.07:551][  0]LogMaterial: Verifying Global Shaders for PCD3D_SM5
[2017.08.21-06.08.07:552][  0]LogSlate: Using Freetype 2.6.0
[2017.08.21-06.08.07:554][  0]LogSlate: SlateFontCache - WITH_FREETYPE: 1, WITH_HARFBUZZ: 1
[2017.08.21-06.08.07:554][  0]LogSlate: SlateFontCache - WITH_FREETYPE: 1, WITH_HARFBUZZ: 1
[2017.08.21-06.08.07:616][  0]LogAssetRegistry: FAssetRegistry took 0.0129 seconds to start up
[2017.08.21-06.08.07:720][  0]LogPackageLocalizationCache: Processed 5 localized package path(s) for 1 prioritized culture(s) in 0.002182 seconds
[2017.08.21-06.08.07:720][  0]LogPakFile: New pak file ../../../summer/Content/Paks/summer-WindowsNoEditor.pak added to pak precacher.
[2017.08.21-06.08.07:721][  0]LogInit: Selected Device Profile: [WindowsNoEditor]
[2017.08.21-06.08.07:728][  0]LogContentStreaming: Texture pool size is 1000.00 MB
[2017.08.21-06.08.07:772][  0]LogNetVersion: summer , NetCL: 3573198, EngineNetVer: 2, GameNetVer: 0 (Checksum: 2807056679)
[2017.08.21-06.08.07:843][  0]LogInit: WinSock: version 1.1 (2.2), MaxSocks=32767, MaxUdp=65467
[2017.08.21-06.08.07:856][  0]LogMoviePlayer: Initializing movie player
[2017.08.21-06.08.07:981][  0]LogOcInput: OculusInput pre-init called
[2017.08.21-06.08.07:981][  0]LogAndroidPermission: UAndroidPermissionCallbackProxy::GetInstance
[2017.08.21-06.08.07:991][  0]LogUObjectArray: 30841 objects as part of root set at end of initial load.
[2017.08.21-06.08.07:991][  0]LogUObjectAllocator: 6112624 out of 0 bytes used by permanent object pool.
[2017.08.21-06.08.07:991][  0]LogUObjectArray: CloseDisregardForGC: 0/0 objects in disregard for GC pool
[2017.08.21-06.08.08:015][  0]LogEngine: Initializing Engine...
[2017.08.21-06.08.08:584][  0]LogHMD: SteamVR initialized.  Driver: lighthouse  Display: LHR-38AFB3DE
[2017.08.21-06.08.08:745][  0]LogStats: UGameplayTagsManager::ConstructGameplayTagTree: Construct from data asset -  0.000 s
[2017.08.21-06.08.08:745][  0]LogStats: UGameplayTagsManager::ConstructGameplayTagTree: GameplayTagTreeChangedEvent.Broadcast -  0.000 s
[2017.08.21-06.08.08:761][  0]LogInit: XAudio2 using 'スピーカー (4- HTC Vive)' : 2 channels at 44.1 kHz using 16 bits per sample (channel mask 0x3)
[2017.08.21-06.08.08:779][  0]LogInit: FAudioDevice initialized.
[2017.08.21-06.08.08:790][  0]LogInit: Texture streaming: Enabled
[2017.08.21-06.08.08:792][  0]LogConsoleManager: Warning: Setting the console variable 'r.VSync' with 'SetByGameSetting' was ignored as it is lower priority than the previous 'SetByCode'. Value remains '0'
[2017.08.21-06.08.08:794][  0]LogInit: Display: Game Engine Initialized.
[2017.08.21-06.08.08:794][  0]LogGameplayTags: Display: UGameplayTagsManager::DoneAddingNativeTags. DelegateIsBound: 0
[2017.08.21-06.08.08:803][  0]LogInit: Display: Starting Game.
[2017.08.21-06.08.08:803][  0]LogNet: Browse: /Game/Maps/start_map?Name=Player
[2017.08.21-06.08.08:803][  0]LogLoad: LoadMap: /Game/Maps/start_map?Name=Player
[2017.08.21-06.08.08:829][  0]LogMemory: Platform Memory Stats for WindowsNoEditor
[2017.08.21-06.08.08:829][  0]LogMemory: Process Physical Memory: 425.68 MB used, 508.99 MB peak
[2017.08.21-06.08.08:829][  0]LogMemory: Process Virtual Memory: 636.96 MB used, 697.59 MB peak
[2017.08.21-06.08.08:829][  0]LogMemory: Physical Memory: 7029.84 MB used,  9268.84 MB free, 16298.68 MB total
[2017.08.21-06.08.08:829][  0]LogMemory: Virtual Memory: 1219.73 MB used,  9268.84 MB free, 134217728.00 MB total
[2017.08.21-06.08.08:829][  0]LogMemory: 
[2017.08.21-06.08.08:829][  0]FMallocBinned2 Mem report
[2017.08.21-06.08.08:829][  0]Small Pool
[2017.08.21-06.08.08:829][  0]Requested Allocations: 24.463654mb  (including block size padding)
[2017.08.21-06.08.08:829][  0]OS Allocated: 28.437500mb
[2017.08.21-06.08.08:829][  0]Large Pool
[2017.08.21-06.08.08:829][  0]Requested Allocations: 78.971939mb
[2017.08.21-06.08.08:829][  0]OS Allocated: 79.562500mb
[2017.08.21-06.08.08:829][  0]OS Page Allocator
[2017.08.21-06.08.08:829][  0]Cached free pages: 0.000000mb
[2017.08.21-06.08.08:867][  0]LogMaterial: Can't compile M_start with cooked content, will use default material instead
[2017.08.21-06.08.08:867][  0]LogMaterial: Warning: Failed to compile Material /Game/Movies/M_start.M_start for platform PCD3D_SM5, Default Material will be used in game.
[2017.08.21-06.08.08:871][  0]LogAIModule: Creating AISystem for world start_map
[2017.08.21-06.08.08:873][  0]LogLoad: Game class is 'NewGameMode_C'
[2017.08.21-06.08.08:875][  0]LogUMG: Display: Widget Class StartMenue_C - Loaded Fast Template.
[2017.08.21-06.08.08:876][  0]LogWorld: Bringing World /Game/Maps/start_map.start_map up for play (max tick rate 0) at 2017.08.21-15.08.08
[2017.08.21-06.08.08:877][  0]LogWorld: Bringing up level for play took: 0.003083
[2017.08.21-06.08.08:878][  0]LogGameMode: FindPlayerStart: PATHS NOT DEFINED or NO PLAYERSTART with positive rating
[2017.08.21-06.08.08:917][  0]LogSlate: Took 0.031562 seconds to synchronously load lazily loaded font '../../../summer/Content/Fonts/ackaisyo.ufont' (9192K)
[2017.08.21-06.08.08:918][  0]LogLoad: Took 0.114860 seconds to LoadMap(/Game/Maps/start_map)
[2017.08.21-06.08.09:142][  0]LogLoad: (Engine Initialization) Total time: 3.27 seconds
[2017.08.21-06.08.09:142][  0]LogExternalProfiler: Found external profiler: VSPerf
[2017.08.21-06.08.09:142][  0]LogExternalProfiler: Using external profiler: VSPerf
[2017.08.21-06.08.09:160][  0]LogSteamVRController: Controller role for device 3 is 2 (invalid=0, left=1, right=2).
[2017.08.21-06.08.09:160][  0]LogSteamVRController: Warning: Controller device 3 is being assigned to its prefered role 'right'.
[2017.08.21-06.08.09:160][  0]LogSteamVRController: Controller role for device 4 is 0 (invalid=0, left=1, right=2).
[2017.08.21-06.08.09:160][  0]LogSteamVRController: Putting controller 4 on the left hand because there is already a controller for the right.
[2017.08.21-06.08.09:162][  0]LogStreaming: Display: Suspending async loading (1)
[2017.08.21-06.08.09:196][  0]LogStreaming: Display: Resuming async loading (0)
[2017.08.21-06.08.09:200][  0]LogSlate: Took 0.001394 seconds to synchronously load lazily loaded font '../../../Engine/Content/EngineFonts/Faces/RobotoRegular.ufont' (155K)
[2017.08.21-06.08.09:206][  1]LogStreaming: Display: Suspending async loading (1)
[2017.08.21-06.08.09:264][  1]LogRenderer: Reallocating scene render targets to support 2688x1512 Format 10 NumSamples 4 (Frame:1).
[2017.08.21-06.08.09:316][  1]LogStreaming: Display: Resuming async loading (0)
[2017.08.21-06.08.09:322][  1]LogRenderer: Reallocating scene render targets to support 3024x1680 Format 10 NumSamples 4 (Frame:2).
[2017.08.21-06.08.09:322][  1]LogStreaming: Display: Suspending async loading (1)
[2017.08.21-06.08.09:374][  1]LogStreaming: Display: Resuming async loading (0)
[2017.08.21-06.08.09:388][  3]LogStats: FPlatformStackWalk::StackWalkAndDump -  0.011 s
[2017.08.21-06.08.09:388][  3]LogOutputDevice: Error: === Handled ensure: ===
[2017.08.21-06.08.09:388][  3]LogOutputDevice: Error: 
[2017.08.21-06.08.09:388][  3]LogOutputDevice: Error: Ensure condition failed: AnyFailed == 0 [File:D:\Build\++UE4+Release-4.17+Compile\Sync\Engine\Source\Runtime\RHI\Private\PipelineStateCache.cpp] [Line: 250]
[2017.08.21-06.08.09:388][  3]LogOutputDevice: Error: GetAndOrCreateGraphicsPipelineState RenderTarget check failed with: 1402 !
[2017.08.21-06.08.09:388][  3]LogOutputDevice: Error: Stack: 
[2017.08.21-06.08.09:388][  3]LogOutputDevice: Error: UE4Game.exe!0x00000000B3C06B66
[2017.08.21-06.08.09:388][  3]LogOutputDevice: Error: UE4Game.exe!0x00000000B3A07FED
[2017.08.21-06.08.09:388][  3]LogOutputDevice: Error: UE4Game.exe!0x00000000B3A20AC6
[2017.08.21-06.08.09:388][  3]LogOutputDevice: Error: UE4Game.exe!0x00000000B5E01DF6
[2017.08.21-06.08.09:388][  3]LogOutputDevice: Error: UE4Game.exe!0x00000000B5E13E62
[2017.08.21-06.08.09:388][  3]LogOutputDevice: Error: UE4Game.exe!0x00000000B6C976FC
[2017.08.21-06.08.09:388][  3]LogOutputDevice: Error: UE4Game.exe!0x00000000B6CA13B8
[2017.08.21-06.08.09:388][  3]LogOutputDevice: Error: UE4Game.exe!0x00000000B6C985AC
[2017.08.21-06.08.09:388][  3]LogOutputDevice: Error: UE4Game.exe!0x00000000B6C98832
[2017.08.21-06.08.09:388][  3]LogOutputDevice: Error: UE4Game.exe!0x00000000B6E21BE0
[2017.08.21-06.08.09:388][  3]LogOutputDevice: Error: UE4Game.exe!0x00000000B6E1FE48
[2017.08.21-06.08.09:388][  3]LogOutputDevice: Error: UE4Game.exe!0x00000000B6E1ECA5
[2017.08.21-06.08.09:388][  3]LogOutputDevice: Error: UE4Game.exe!0x00000000B6E23F94
[2017.08.21-06.08.09:388][  3]LogOutputDevice: Error: MFCORE.DLL!0x00000000DD62F5EC
[2017.08.21-06.08.09:388][  3]LogOutputDevice: Error: MFCORE.DLL!0x00000000DD630B15
[2017.08.21-06.08.09:388][  3]LogOutputDevice: Error: MFCORE.DLL!0x00000000DD630860
[2017.08.21-06.08.09:388][  3]LogOutputDevice: Error: RTWorkQ.DLL!0x0000000014D6788D
[2017.08.21-06.08.09:388][  3]LogOutputDevice: Error: RTWorkQ.DLL!0x0000000014D68D81
[2017.08.21-06.08.09:388][  3]LogOutputDevice: Error: ntdll.dll!0x000000001CA33021
[2017.08.21-06.08.09:388][  3]LogOutputDevice: Error: ntdll.dll!0x000000001CA31989
[2017.08.21-06.08.09:388][  3]LogOutputDevice: Error: KERNEL32.DLL!0x000000001C382774
[2017.08.21-06.08.09:388][  3]LogOutputDevice: Error: ntdll.dll!0x000000001CA60D51
[2017.08.21-06.08.09:388][  3]LogOutputDevice: Error: 
[2017.08.21-06.08.09:389][  3]LogStats:                SubmitErrorReport -  0.000 s
[2017.08.21-06.08.09:498][  7]LogWindows: Warning: CreateProc failed (2) ../../../Engine/Binaries/Win64/CrashReportClient.exe "E:/summer/WindowsNoEditor/summer/Saved/Crashes/UE4CC-Windows-A0F21A2C4C4FC5A59BB4ECBF4FCE6065_0000" -Unattended -AppName=UE4-summer -CrashGUID=UE4CC-Windows-A0F21A2C4C4FC5A59BB4ECBF4FCE6065_0000 -DebugSymbols=..\..\..\Engine\Intermediate\Symbols
[2017.08.21-06.08.09:498][  7]LogStats:                    SendNewReport -  0.110 s
[2017.08.21-06.08.09:498][  7]LogStats:             FDebug::EnsureFailed -  0.122 s
[2017.08.21-06.08.09:508][  8]LogWindows: Windows GetLastError: この操作を正しく終了しました。 (0)
