Log file open, 08/21/17 14:59:32
LogWindows: LoadLibraryWithSearchPaths failed for file aqProf.dll. GetLastError=0
LogWindows: LoadLibraryWithSearchPaths failed for file VtuneApi.dll. GetLastError=0
LogWindows: LoadLibraryWithSearchPaths failed for file VtuneApi32e.dll. GetLastError=0
LogInit: Display: Running engine for game: summer
LogInit: Display: Project file not found: ../../../summer/summer.uproject
LogInit: Display: 	Attempting to find via project info helper.
LogUProjectInfo: Found projects:
LogPlatformFile: Not using cached read wrapper
LogInit: Display: RandInit(-2062085617) SRandInit(-2062085617).
LogTaskGraph: Started task graph with 5 named threads and 14 total threads with 3 sets of task threads.
LogStats: Stats thread started at 0.163335
LogD3D11RHI: Aftermath initialized
LogPluginManager: Mounting plugin Paper2D
LogPluginManager: Mounting plugin OculusVR
LogPluginManager: Mounting plugin AndroidPermission
LogPluginManager: Mounting plugin ArchVisCharacter
LogPluginManager: Mounting plugin CableComponent
LogPluginManager: Mounting plugin CustomMeshComponent
LogPluginManager: Mounting plugin ExampleDeviceProfileSelector
LogPluginManager: Mounting plugin ImmediatePhysics
LogPluginManager: Mounting plugin LocationServicesBPLibrary
LogPluginManager: Mounting plugin MobilePatchingUtils
LogPluginManager: Mounting plugin PhysXVehicles
LogPluginManager: Mounting plugin ProceduralMeshComponent
LogPluginManager: Mounting plugin RuntimePhysXCooking
LogPluginManager: Mounting plugin SteamVR
LogPluginManager: Mounting plugin WindowsMoviePlayer
LogPluginManager: Mounting plugin LightPropagationVolume
LogPluginManager: Mounting plugin FacialAnimation
LogPluginManager: Mounting plugin CharacterAI
LogPluginManager: Mounting plugin HTML5Networking
LogPluginManager: Mounting plugin AndroidMedia
LogPluginManager: Mounting plugin AvfMedia
LogPluginManager: Mounting plugin WmfMedia
LogPluginManager: Mounting plugin TcpMessaging
LogPluginManager: Mounting plugin UdpMessaging
LogPluginManager: Mounting plugin OnlineSubsystem
LogPluginManager: Mounting plugin OnlineSubsystemNull
LogPluginManager: Mounting plugin OnlineSubsystemUtils
LogInit: Using libcurl 7.47.1
LogInit:  - built for x86_64-pc-win32
LogInit:  - supports SSL with OpenSSL/1.0.2g
LogInit:  - supports HTTP deflate (compression) using libz 1.2.8
LogInit:  - other features:
LogInit:      CURL_VERSION_SSL
LogInit:      CURL_VERSION_LIBZ
LogInit:      CURL_VERSION_IPV6
LogInit:      CURL_VERSION_ASYNCHDNS
LogInit:      CURL_VERSION_LARGEFILE
LogInit:      CURL_VERSION_IDN
LogInit:  CurlRequestOptions (configurable via config and command line):
LogInit:  - bVerifyPeer = false  - Libcurl will NOT verify peer certificate
LogInit:  - bUseHttpProxy = false  - Libcurl will NOT use HTTP proxy
LogInit:  - bDontReuseConnections = false  - Libcurl will reuse connections
LogInit:  - CertBundlePath = nullptr  - Libcurl will use whatever was configured at build time.
LogInit: Build: ++UE4+Release-4.17-CL-3586342
LogInit: Engine Version: 4.17.1-3586342+++UE4+Release-4.17
LogInit: Compatible Engine Version: 4.17.0-3573198+++UE4+Release-4.17
LogInit: Net CL: 3573198
LogDevObjectVersion: Number of dev versions registered: 16
LogDevObjectVersion:   Dev-Blueprints (B0D832E4-1F89-4F0D-ACCF-7EB736FD4AA2): 10
LogDevObjectVersion:   Dev-Build (E1C64328-A22C-4D53-A36C-8E866417BD8C): 0
LogDevObjectVersion:   Dev-Core (375EC13C-06E4-48FB-B500-84F0262A717E): 2
LogDevObjectVersion:   Dev-Editor (E4B068ED-F494-42E9-A231-DA0B2E46BB41): 20
LogDevObjectVersion:   Dev-Framework (CFFC743F-43B0-4480-9391-14DF171D2073): 28
LogDevObjectVersion:   Dev-Mobile (B02B49B5-BB20-44E9-A304-32B752E40360): 0
LogDevObjectVersion:   Dev-Networking (A4E4105C-59A1-49B5-A7C5-40C4547EDFEE): 0
LogDevObjectVersion:   Dev-Online (39C831C9-5AE6-47DC-9A44-9C173E1C8E7C): 0
LogDevObjectVersion:   Dev-Physics (78F01B33-EBEA-4F98-B9B4-84EACCB95AA2): 0
LogDevObjectVersion:   Dev-Platform (6631380F-2D4D-43E0-8009-CF276956A95A): 0
LogDevObjectVersion:   Dev-Rendering (12F88B9F-8875-4AFC-A67C-D90C383ABD29): 19
LogDevObjectVersion:   Dev-Sequencer (7B5AE74C-D270-4C10-A958-57980B212A5A): 4
LogDevObjectVersion:   Dev-VR (D7296918-1DD6-4BDD-9DE2-64A83CC13884): 0
LogDevObjectVersion:   Dev-LoadTimes (C2A15278-BFE7-4AFE-6C17-90FF531DF755): 1
LogDevObjectVersion:   Private-Geometry (6EACA3D4-40EC-4CC1-B786-8BED09428FC5): 1
LogDevObjectVersion:   Dev-AnimPhys (29E575DD-E0A3-4627-9D10-D276232CDCEA): 7
LogInit: Compiled (64-bit): Aug 15 2017 02:07:53
LogInit: Compiled with Visual C++: 19.00.24215.01
LogInit: Build Configuration: Development
LogInit: Branch Name: ++UE4+Release-4.17
LogInit: Command line:  
LogInit: Base directory: E:/summer/WindowsNoEditor/Engine/Binaries/Win64/
LogInit: Installed Engine Build: 0
LogInit: Presizing for max 2097152 objects, including 0 objects not considered by GC, pre-allocating 0 bytes for permanent pool.
LogStreaming: Display: Async Loading initialized: Event Driven Loader: true, Async Loading Thread: true
LogInit: Object subsystem initialized
[2017.08.21-05.59.32:376][  0]LogInit: Selected Device Profile: [WindowsNoEditor]
[2017.08.21-05.59.32:376][  0]LogInit: Applying CVar settings loaded from the selected device profile: [WindowsNoEditor]
[2017.08.21-05.59.32:382][  0]LogInit: Computer: DESKTOP-L8K1I79
[2017.08.21-05.59.32:382][  0]LogInit: User: right
[2017.08.21-05.59.32:382][  0]LogInit: CPU Page size=4096, Cores=4
[2017.08.21-05.59.32:382][  0]LogInit: High frequency timer resolution =3.515614 MHz
[2017.08.21-05.59.32:383][  0]LogMemory: Memory total: Physical=15.9GB (16GB approx)
[2017.08.21-05.59.32:383][  0]LogMemory: Platform Memory Stats for WindowsNoEditor
[2017.08.21-05.59.32:383][  0]LogMemory: Process Physical Memory: 98.42 MB used, 98.42 MB peak
[2017.08.21-05.59.32:383][  0]LogMemory: Process Virtual Memory: 111.50 MB used, 111.50 MB peak
[2017.08.21-05.59.32:383][  0]LogMemory: Physical Memory: 7214.19 MB used,  9084.49 MB free, 16298.68 MB total
[2017.08.21-05.59.32:383][  0]LogMemory: Virtual Memory: 341.66 MB used,  9084.49 MB free, 134217728.00 MB total
[2017.08.21-05.59.32:513][  0]LogInit: Using OS detected language (ja-JP).
[2017.08.21-05.59.32:513][  0]LogInit: Using OS detected locale (ja-JP).
[2017.08.21-05.59.32:514][  0]LogTextLocalizationManager: No localization for 'ja-JP' exists, so 'en' will be used for the language.
[2017.08.21-05.59.32:514][  0]LogTextLocalizationManager: No localization for 'ja-JP' exists, so 'en' will be used for the locale.
[2017.08.21-05.59.32:571][  0]LogD3D11RHI: D3D11 adapters:
[2017.08.21-05.59.33:200][  0]LogD3D11RHI:    0. 'NVIDIA GeForce GTX 1070' (Feature Level 11_0)
[2017.08.21-05.59.33:200][  0]LogD3D11RHI:       8085/0/8149 MB DedicatedVideo/DedicatedSystem/SharedSystem, Outputs:1, VendorId:0x10de
[2017.08.21-05.59.33:202][  0]LogD3D11RHI:    1. 'Microsoft Basic Render Driver' (Feature Level 11_0)
[2017.08.21-05.59.33:202][  0]LogD3D11RHI:       0/0/8149 MB DedicatedVideo/DedicatedSystem/SharedSystem, Outputs:0, VendorId:0x1414
[2017.08.21-05.59.33:202][  0]LogD3D11RHI: Chosen D3D11 Adapter: 0
[2017.08.21-05.59.33:208][  0]LogD3D11RHI: Creating new Direct3DDevice
[2017.08.21-05.59.33:208][  0]LogD3D11RHI:     GPU DeviceId: 0x1b81 (for the marketing name, search the web for "GPU Device Id")
[2017.08.21-05.59.33:208][  0]LogWindows: EnumDisplayDevices:
[2017.08.21-05.59.33:209][  0]LogWindows:    0. 'NVIDIA GeForce GTX 1070' (P:1 D:1)
[2017.08.21-05.59.33:209][  0]LogWindows:    1. 'NVIDIA GeForce GTX 1070' (P:0 D:0)
[2017.08.21-05.59.33:209][  0]LogWindows:    2. 'NVIDIA GeForce GTX 1070' (P:0 D:0)
[2017.08.21-05.59.33:209][  0]LogWindows:    3. 'NVIDIA GeForce GTX 1070' (P:0 D:0)
[2017.08.21-05.59.33:209][  0]LogWindows: DebugString: FoundDriverCount:4 
[2017.08.21-05.59.33:209][  0]LogD3D11RHI:     Adapter Name: NVIDIA GeForce GTX 1070
[2017.08.21-05.59.33:209][  0]LogD3D11RHI:   Driver Version: 385.28 (internal:22.21.13.8528, unified:385.28)
[2017.08.21-05.59.33:209][  0]LogD3D11RHI:      Driver Date: 8-9-2017
[2017.08.21-05.59.33:209][  0]LogRHI: Texture pool is 1361 MB (70% of 1945 MB)
[2017.08.21-05.59.33:812][  0]LogD3D11RHI: Async texture creation enabled
[2017.08.21-05.59.33:867][  0]LogD3D11RHI: GPU Timing Frequency: 1000.000000 (Debug: 2 2)
[2017.08.21-05.59.33:889][  0]LogMaterial: Verifying Global Shaders for PCD3D_SM5
[2017.08.21-05.59.33:889][  0]LogSlate: Using Freetype 2.6.0
[2017.08.21-05.59.33:892][  0]LogSlate: SlateFontCache - WITH_FREETYPE: 1, WITH_HARFBUZZ: 1
[2017.08.21-05.59.33:892][  0]LogSlate: SlateFontCache - WITH_FREETYPE: 1, WITH_HARFBUZZ: 1
[2017.08.21-05.59.33:964][  0]LogAssetRegistry: FAssetRegistry took 0.0143 seconds to start up
[2017.08.21-05.59.34:094][  0]LogPackageLocalizationCache: Processed 5 localized package path(s) for 1 prioritized culture(s) in 0.003393 seconds
[2017.08.21-05.59.34:094][  0]LogPakFile: New pak file ../../../summer/Content/Paks/summer-WindowsNoEditor.pak added to pak precacher.
[2017.08.21-05.59.34:096][  0]LogInit: Selected Device Profile: [WindowsNoEditor]
[2017.08.21-05.59.34:103][  0]LogContentStreaming: Texture pool size is 1000.00 MB
[2017.08.21-05.59.34:149][  0]LogNetVersion: summer , NetCL: 3573198, EngineNetVer: 2, GameNetVer: 0 (Checksum: 2807056679)
[2017.08.21-05.59.34:221][  0]LogInit: WinSock: version 1.1 (2.2), MaxSocks=32767, MaxUdp=65467
[2017.08.21-05.59.34:236][  0]LogMoviePlayer: Initializing movie player
[2017.08.21-05.59.34:413][  0]LogOcInput: OculusInput pre-init called
[2017.08.21-05.59.34:413][  0]LogAndroidPermission: UAndroidPermissionCallbackProxy::GetInstance
[2017.08.21-05.59.34:424][  0]LogUObjectArray: 30841 objects as part of root set at end of initial load.
[2017.08.21-05.59.34:424][  0]LogUObjectAllocator: 6112624 out of 0 bytes used by permanent object pool.
[2017.08.21-05.59.34:424][  0]LogUObjectArray: CloseDisregardForGC: 0/0 objects in disregard for GC pool
[2017.08.21-05.59.34:447][  0]LogEngine: Initializing Engine...
[2017.08.21-05.59.35:020][  0]LogHMD: SteamVR initialized.  Driver: lighthouse  Display: LHR-38AFB3DE
[2017.08.21-05.59.35:183][  0]LogStats: UGameplayTagsManager::ConstructGameplayTagTree: Construct from data asset -  0.000 s
[2017.08.21-05.59.35:183][  0]LogStats: UGameplayTagsManager::ConstructGameplayTagTree: GameplayTagTreeChangedEvent.Broadcast -  0.000 s
[2017.08.21-05.59.35:205][  0]LogInit: XAudio2 using 'スピーカー (4- HTC Vive)' : 2 channels at 44.1 kHz using 16 bits per sample (channel mask 0x3)
[2017.08.21-05.59.35:223][  0]LogInit: FAudioDevice initialized.
[2017.08.21-05.59.35:238][  0]LogInit: Texture streaming: Enabled
[2017.08.21-05.59.35:239][  0]LogConsoleManager: Warning: Setting the console variable 'r.VSync' with 'SetByGameSetting' was ignored as it is lower priority than the previous 'SetByCode'. Value remains '0'
[2017.08.21-05.59.35:242][  0]LogInit: Display: Game Engine Initialized.
[2017.08.21-05.59.35:242][  0]LogGameplayTags: Display: UGameplayTagsManager::DoneAddingNativeTags. DelegateIsBound: 0
[2017.08.21-05.59.35:253][  0]LogInit: Display: Starting Game.
[2017.08.21-05.59.35:253][  0]LogNet: Browse: /Game/Maps/start_map?Name=Player
[2017.08.21-05.59.35:253][  0]LogLoad: LoadMap: /Game/Maps/start_map?Name=Player
[2017.08.21-05.59.35:268][  0]LogMemory: Platform Memory Stats for WindowsNoEditor
[2017.08.21-05.59.35:268][  0]LogMemory: Process Physical Memory: 431.73 MB used, 517.05 MB peak
[2017.08.21-05.59.35:268][  0]LogMemory: Process Virtual Memory: 662.69 MB used, 723.33 MB peak
[2017.08.21-05.59.35:268][  0]LogMemory: Physical Memory: 7469.07 MB used,  8829.61 MB free, 16298.68 MB total
[2017.08.21-05.59.35:268][  0]LogMemory: Virtual Memory: 1257.06 MB used,  8829.61 MB free, 134217728.00 MB total
[2017.08.21-05.59.35:268][  0]LogMemory: 
[2017.08.21-05.59.35:268][  0]FMallocBinned2 Mem report
[2017.08.21-05.59.35:268][  0]Small Pool
[2017.08.21-05.59.35:268][  0]Requested Allocations: 24.455154mb  (including block size padding)
[2017.08.21-05.59.35:268][  0]OS Allocated: 28.500000mb
[2017.08.21-05.59.35:268][  0]Large Pool
[2017.08.21-05.59.35:268][  0]Requested Allocations: 78.971939mb
[2017.08.21-05.59.35:268][  0]OS Allocated: 79.562500mb
[2017.08.21-05.59.35:268][  0]OS Page Allocator
[2017.08.21-05.59.35:268][  0]Cached free pages: 0.000000mb
[2017.08.21-05.59.35:313][  0]LogMaterial: Can't compile M_start with cooked content, will use default material instead
[2017.08.21-05.59.35:313][  0]LogMaterial: Warning: Failed to compile Material /Game/Movies/M_start.M_start for platform PCD3D_SM5, Default Material will be used in game.
[2017.08.21-05.59.35:318][  0]LogAIModule: Creating AISystem for world start_map
[2017.08.21-05.59.35:320][  0]LogLoad: Game class is 'NewGameMode_C'
[2017.08.21-05.59.35:321][  0]LogUMG: Display: Widget Class StartMenue_C - Loaded Fast Template.
[2017.08.21-05.59.35:322][  0]LogWorld: Bringing World /Game/Maps/start_map.start_map up for play (max tick rate 0) at 2017.08.21-14.59.35
[2017.08.21-05.59.35:322][  0]LogWorld: Bringing up level for play took: 0.001382
[2017.08.21-05.59.35:323][  0]LogGameMode: FindPlayerStart: PATHS NOT DEFINED or NO PLAYERSTART with positive rating
[2017.08.21-05.59.35:360][  0]LogSlate: Took 0.032161 seconds to synchronously load lazily loaded font '../../../summer/Content/Fonts/ackaisyo.ufont' (9192K)
[2017.08.21-05.59.35:361][  0]LogLoad: Took 0.107878 seconds to LoadMap(/Game/Maps/start_map)
[2017.08.21-05.59.35:586][  0]LogLoad: (Engine Initialization) Total time: 3.63 seconds
[2017.08.21-05.59.35:587][  0]LogExternalProfiler: Found external profiler: VSPerf
[2017.08.21-05.59.35:587][  0]LogExternalProfiler: Using external profiler: VSPerf
[2017.08.21-05.59.35:604][  0]LogSteamVRController: Controller role for device 3 is 2 (invalid=0, left=1, right=2).
[2017.08.21-05.59.35:604][  0]LogSteamVRController: Warning: Controller device 3 is being assigned to its prefered role 'right'.
[2017.08.21-05.59.35:604][  0]LogSteamVRController: Controller role for device 4 is 1 (invalid=0, left=1, right=2).
[2017.08.21-05.59.35:604][  0]LogSteamVRController: Putting controller 4 on the left hand because there is already a controller for the right.
[2017.08.21-05.59.35:606][  0]LogStreaming: Display: Suspending async loading (1)
[2017.08.21-05.59.35:643][  0]LogStreaming: Display: Resuming async loading (0)
[2017.08.21-05.59.35:648][  0]LogSlate: Took 0.001355 seconds to synchronously load lazily loaded font '../../../Engine/Content/EngineFonts/Faces/RobotoRegular.ufont' (155K)
[2017.08.21-05.59.35:653][  1]LogStreaming: Display: Suspending async loading (1)
[2017.08.21-05.59.35:720][  1]LogRenderer: Reallocating scene render targets to support 2688x1512 Format 10 NumSamples 4 (Frame:1).
[2017.08.21-05.59.35:788][  1]LogStreaming: Display: Resuming async loading (0)
[2017.08.21-05.59.35:791][  1]LogRenderer: Reallocating scene render targets to support 3024x1680 Format 10 NumSamples 4 (Frame:2).
[2017.08.21-05.59.35:791][  1]LogStreaming: Display: Suspending async loading (1)
[2017.08.21-05.59.35:847][  1]LogStreaming: Display: Resuming async loading (0)
[2017.08.21-05.59.43:765][709]LogNet: Browse: /Game/Maps/Intro
[2017.08.21-05.59.43:779][709]LogLoad: LoadMap: /Game/Maps/Intro
[2017.08.21-05.59.43:816][709]LogMemory: Platform Memory Stats for WindowsNoEditor
[2017.08.21-05.59.43:817][709]LogMemory: Process Physical Memory: 361.41 MB used, 517.05 MB peak
[2017.08.21-05.59.43:817][709]LogMemory: Process Virtual Memory: 1262.27 MB used, 1959.38 MB peak
[2017.08.21-05.59.43:817][709]LogMemory: Physical Memory: 6974.48 MB used,  9324.20 MB free, 16298.68 MB total
[2017.08.21-05.59.43:817][709]LogMemory: Virtual Memory: 1911.55 MB used,  9324.20 MB free, 134217728.00 MB total
[2017.08.21-05.59.43:817][709]LogMemory: 
[2017.08.21-05.59.43:817][709]FMallocBinned2 Mem report
[2017.08.21-05.59.43:817][709]Small Pool
[2017.08.21-05.59.43:817][709]Requested Allocations: 97.375229mb  (including block size padding)
[2017.08.21-05.59.43:817][709]OS Allocated: 36.312500mb
[2017.08.21-05.59.43:817][709]Large Pool
[2017.08.21-05.59.43:817][709]Requested Allocations: 101.060211mb
[2017.08.21-05.59.43:817][709]OS Allocated: 101.687500mb
[2017.08.21-05.59.43:817][709]OS Page Allocator
[2017.08.21-05.59.43:817][709]Cached free pages: 0.125000mb
[2017.08.21-05.59.43:848][709]LogAIModule: Creating AISystem for world Intro
[2017.08.21-05.59.43:849][709]LogLoad: Game class is 'NewGameMode_C'
[2017.08.21-05.59.43:850][709]LogUMG: Display: Widget Class IntroUI_C - Loaded Fast Template.
[2017.08.21-05.59.43:851][709]LogWorld: Bringing World /Game/Maps/Intro.Intro up for play (max tick rate 0) at 2017.08.21-14.59.43
[2017.08.21-05.59.43:851][709]LogWorld: Bringing up level for play took: 0.000771
[2017.08.21-05.59.43:851][709]LogGameMode: FindPlayerStart: PATHS NOT DEFINED or NO PLAYERSTART with positive rating
[2017.08.21-05.59.43:854][709]LogLoad: Took 0.075014 seconds to LoadMap(/Game/Maps/Intro)
[2017.08.21-05.59.43:854][709]LogLevel: Warning: Failed to find streaming level object associated with 'NewMap'
[2017.08.21-05.59.43:872][711]LogSlate: Took 0.003399 seconds to synchronously load lazily loaded font '../../../summer/Content/Fonts/ackaisyo.ufont' (9192K)
[2017.08.21-05.59.54:823][692]LogNet: Browse: /Game/Maps/NewMap
[2017.08.21-05.59.54:834][692]LogLoad: LoadMap: /Game/Maps/NewMap
[2017.08.21-05.59.54:855][692]LogMemory: Platform Memory Stats for WindowsNoEditor
[2017.08.21-05.59.54:855][692]LogMemory: Process Physical Memory: 332.60 MB used, 517.05 MB peak
[2017.08.21-05.59.54:855][692]LogMemory: Process Virtual Memory: 1236.17 MB used, 1959.38 MB peak
[2017.08.21-05.59.54:855][692]LogMemory: Physical Memory: 6945.68 MB used,  9353.00 MB free, 16298.68 MB total
[2017.08.21-05.59.54:855][692]LogMemory: Virtual Memory: 1867.98 MB used,  9353.00 MB free, 134217728.00 MB total
[2017.08.21-05.59.54:855][692]LogMemory: 
[2017.08.21-05.59.54:855][692]FMallocBinned2 Mem report
[2017.08.21-05.59.54:855][692]Small Pool
[2017.08.21-05.59.54:855][692]Requested Allocations: 118.175003mb  (including block size padding)
[2017.08.21-05.59.54:855][692]OS Allocated: 36.312500mb
[2017.08.21-05.59.54:855][692]Large Pool
[2017.08.21-05.59.54:855][692]Requested Allocations: 100.747711mb
[2017.08.21-05.59.54:855][692]OS Allocated: 101.375000mb
[2017.08.21-05.59.54:855][692]OS Page Allocator
[2017.08.21-05.59.54:855][692]Cached free pages: 0.000000mb
[2017.08.21-05.59.55:382][692]LogMaterial: Can't compile lambert13 with cooked content, will use default material instead
[2017.08.21-05.59.55:382][692]LogMaterial: Warning: Failed to compile Material /Game/ikayaki/lambert13.lambert13 for platform PCD3D_SM5, Default Material will be used in game.
[2017.08.21-05.59.55:847][692]LogAIModule: Creating AISystem for world NewMap
[2017.08.21-05.59.55:849][692]LogLoad: Game class is 'NewGameMode_C'
[2017.08.21-05.59.55:865][692]LogWorld: Bringing World /Game/Maps/NewMap.NewMap up for play (max tick rate 0) at 2017.08.21-14.59.55
[2017.08.21-05.59.55:867][692]LogWorld: Bringing up level for play took: 0.016671
[2017.08.21-05.59.55:867][692]LogGameMode: FindPlayerStart: PATHS NOT DEFINED or NO PLAYERSTART with positive rating
[2017.08.21-05.59.55:870][692]LogLoad: Took 1.035722 seconds to LoadMap(/Game/Maps/NewMap)
[2017.08.21-06.00.14:485][647]LogPlayerController: Warning: Invalid hand specified (4) for haptic feedback effect MotionControllerHaptics
[2017.08.21-06.00.35:627][518]LogHttp: Warning: 0000018001CBDC00: request failed, libcurl error: 6 (Couldn't resolve host name)
[2017.08.21-06.00.35:627][518]LogHttp: Warning: 0000018001CBDC00: libcurl info message cache 0 (Could not resolve host: datarouter.ol.epicgames.com)
[2017.08.21-06.00.35:627][518]LogHttp: Warning: 0000018001CBDC00: libcurl info message cache 1 (Closing connection 0)
[2017.08.21-06.01.06:042][241]LogProjectileMovement: Warning: MyProjectile_C_4 is outside the world bounds!
[2017.08.21-06.01.06:411][274]LogProjectileMovement: Warning: MyProjectile_C_5 is outside the world bounds!
[2017.08.21-06.01.10:165][610]LogProjectileMovement: Warning: MyProjectile_C_12 is outside the world bounds!
[2017.08.21-06.01.10:968][682]LogProjectileMovement: Warning: MyProjectile_C_6 is outside the world bounds!
[2017.08.21-06.01.11:091][693]LogProjectileMovement: Warning: MyProjectile_C_13 is outside the world bounds!
[2017.08.21-06.01.13:392][899]LogProjectileMovement: Warning: MyProjectile_C_17 is outside the world bounds!
[2017.08.21-06.01.13:459][905]LogProjectileMovement: Warning: MyProjectile_C_3 is outside the world bounds!
[2017.08.21-06.01.14:151][967]LogProjectileMovement: Warning: MyProjectile_C_11 is outside the world bounds!
[2017.08.21-06.01.15:078][ 50]LogProjectileMovement: Warning: MyProjectile_C_10 is outside the world bounds!
[2017.08.21-06.01.15:100][ 52]LogProjectileMovement: Warning: MyProjectile_C_9 is outside the world bounds!
[2017.08.21-06.01.15:302][ 70]LogProjectileMovement: Warning: MyProjectile_C_23 is outside the world bounds!
[2017.08.21-06.01.15:469][ 85]LogProjectileMovement: Warning: MyProjectile_C_14 is outside the world bounds!
[2017.08.21-06.01.15:570][ 94]LogProjectileMovement: Warning: MyProjectile_C_16 is outside the world bounds!
[2017.08.21-06.01.15:805][115]LogProjectileMovement: Warning: MyProjectile_C_7 is outside the world bounds!
[2017.08.21-06.01.16:006][133]LogProjectileMovement: Warning: MyProjectile_C_8 is outside the world bounds!
[2017.08.21-06.01.16:944][217]LogProjectileMovement: Warning: MyProjectile_C_15 is outside the world bounds!
[2017.08.21-06.01.17:245][244]LogProjectileMovement: Warning: MyProjectile_C_21 is outside the world bounds!
[2017.08.21-06.01.17:458][263]LogProjectileMovement: Warning: MyProjectile_C_22 is outside the world bounds!
[2017.08.21-06.01.18:854][388]LogProjectileMovement: Warning: MyProjectile_C_18 is outside the world bounds!
[2017.08.21-06.01.19:896][481]LogProjectileMovement: Warning: MyProjectile_C_1 is outside the world bounds!
[2017.08.21-06.01.20:711][554]LogProjectileMovement: Warning: MyProjectile_C_2 is outside the world bounds!
[2017.08.21-06.01.20:935][574]LogProjectileMovement: Warning: MyProjectile_C_20 is outside the world bounds!
[2017.08.21-06.01.21:344][611]LogProjectileMovement: Warning: MyProjectile_C_0 is outside the world bounds!
[2017.08.21-06.01.21:422][618]LogProjectileMovement: Warning: MyProjectile_C_19 is outside the world bounds!
[2017.08.21-06.01.23:310][787]LogProjectileMovement: Warning: MyProjectile_C_28 is outside the world bounds!
[2017.08.21-06.01.24:494][893]LogProjectileMovement: Warning: MyProjectile_C_27 is outside the world bounds!
[2017.08.21-06.01.27:196][129]LogProjectileMovement: Warning: MyProjectile_C_36 is outside the world bounds!
[2017.08.21-06.01.27:823][185]LogProjectileMovement: Warning: MyProjectile_C_29 is outside the world bounds!
[2017.08.21-06.01.28:124][212]LogProjectileMovement: Warning: MyProjectile_C_35 is outside the world bounds!
[2017.08.21-06.01.30:068][386]LogProjectileMovement: Warning: MyProjectile_C_26 is outside the world bounds!
[2017.08.21-06.01.30:604][434]LogProjectileMovement: Warning: MyProjectile_C_44 is outside the world bounds!
[2017.08.21-06.01.31:198][487]LogProjectileMovement: Warning: MyProjectile_C_25 is outside the world bounds!
[2017.08.21-06.01.31:254][492]LogProjectileMovement: Warning: MyProjectile_C_30 is outside the world bounds!
[2017.08.21-06.01.31:600][523]LogProjectileMovement: Warning: MyProjectile_C_37 is outside the world bounds!
[2017.08.21-06.01.31:861][546]LogProjectileMovement: Warning: MyProjectile_C_24 is outside the world bounds!
[2017.08.21-06.01.32:229][573]LogProjectileMovement: Warning: MyProjectile_C_33 is outside the world bounds!
[2017.08.21-06.01.32:631][591]LogProjectileMovement: Warning: MyProjectile_C_31 is outside the world bounds!
[2017.08.21-06.01.32:895][604]LogProjectileMovement: Warning: MyProjectile_C_43 is outside the world bounds!
[2017.08.21-06.01.33:052][611]LogProjectileMovement: Warning: MyProjectile_C_32 is outside the world bounds!
[2017.08.21-06.01.33:275][621]LogProjectileMovement: Warning: MyProjectile_C_38 is outside the world bounds!
[2017.08.21-06.01.34:301][677]LogProjectileMovement: Warning: MyProjectile_C_34 is outside the world bounds!
[2017.08.21-06.01.35:430][778]LogProjectileMovement: Warning: MyProjectile_C_42 is outside the world bounds!
[2017.08.21-06.01.38:971][ 95]LogProjectileMovement: Warning: MyProjectile_C_53 is outside the world bounds!
[2017.08.21-06.01.39:207][116]LogProjectileMovement: Warning: MyProjectile_C_41 is outside the world bounds!
[2017.08.21-06.01.39:252][120]LogProjectileMovement: Warning: MyProjectile_C_39 is outside the world bounds!
[2017.08.21-06.01.39:632][150]LogProjectileMovement: Warning: MyProjectile_C_60 is outside the world bounds!
[2017.08.21-06.01.40:625][227]LogProjectileMovement: Warning: MyProjectile_C_52 is outside the world bounds!
[2017.08.21-06.01.40:815][242]LogProjectileMovement: Warning: MyProjectile_C_48 is outside the world bounds!
[2017.08.21-06.01.41:128][268]LogProjectileMovement: Warning: MyProjectile_C_59 is outside the world bounds!
[2017.08.21-06.01.41:194][274]LogProjectileMovement: Warning: MyProjectile_C_54 is outside the world bounds!
[2017.08.21-06.01.41:195][274]LogProjectileMovement: Warning: MyProjectile_C_49 is outside the world bounds!
[2017.08.21-06.01.41:474][299]LogProjectileMovement: Warning: MyProjectile_C_58 is outside the world bounds!
[2017.08.21-06.01.41:517][303]LogNet: Browse: /Game/Maps/The_End_Of_Summer
[2017.08.21-06.01.41:528][303]LogLoad: LoadMap: /Game/Maps/The_End_Of_Summer
[2017.08.21-06.01.41:597][303]LogMemory: Platform Memory Stats for WindowsNoEditor
[2017.08.21-06.01.41:597][303]LogMemory: Process Physical Memory: 427.05 MB used, 753.98 MB peak
[2017.08.21-06.01.41:597][303]LogMemory: Process Virtual Memory: 1671.90 MB used, 1959.38 MB peak
[2017.08.21-06.01.41:597][303]LogMemory: Physical Memory: 7004.22 MB used,  9294.46 MB free, 16298.68 MB total
[2017.08.21-06.01.41:597][303]LogMemory: Virtual Memory: 2284.68 MB used,  9294.46 MB free, 134217728.00 MB total
[2017.08.21-06.01.41:597][303]LogMemory: 
[2017.08.21-06.01.41:597][303]FMallocBinned2 Mem report
[2017.08.21-06.01.41:597][303]Small Pool
[2017.08.21-06.01.41:597][303]Requested Allocations: 445.801804mb  (including block size padding)
[2017.08.21-06.01.41:597][303]OS Allocated: 61.812500mb
[2017.08.21-06.01.41:597][303]Large Pool
[2017.08.21-06.01.41:597][303]Requested Allocations: 103.340302mb
[2017.08.21-06.01.41:597][303]OS Allocated: 104.000000mb
[2017.08.21-06.01.41:597][303]OS Page Allocator
[2017.08.21-06.01.41:597][303]Cached free pages: 4.000000mb
[2017.08.21-06.01.41:633][303]LogAIModule: Creating AISystem for world The_End_Of_Summer
[2017.08.21-06.01.41:634][303]LogLoad: Game class is 'NewGameMode_C'
[2017.08.21-06.01.41:635][303]LogUMG: Display: Widget Class Last_C - Loaded Fast Template.
[2017.08.21-06.01.41:635][303]LogWorld: Bringing World /Game/Maps/The_End_Of_Summer.The_End_Of_Summer up for play (max tick rate 0) at 2017.08.21-15.01.41
[2017.08.21-06.01.41:635][303]LogWorld: Bringing up level for play took: 0.000647
[2017.08.21-06.01.41:636][303]LogGameMode: FindPlayerStart: PATHS NOT DEFINED or NO PLAYERSTART with positive rating
[2017.08.21-06.01.41:638][303]LogLoad: Took 0.110060 seconds to LoadMap(/Game/Maps/The_End_Of_Summer)
[2017.08.21-06.01.41:659][305]LogSlate: Took 0.005741 seconds to synchronously load lazily loaded font '../../../summer/Content/Fonts/ackaisyo.ufont' (9192K)
[2017.08.21-06.01.55:556][550]Closing by request
[2017.08.21-06.01.55:556][550]LogWindows: FPlatformMisc::RequestExit(0)
[2017.08.21-06.01.56:083][551]LogStreaming: Display: Suspending async loading (1)
[2017.08.21-06.01.56:092][551]LogStreaming: Display: Resuming async loading (0)
[2017.08.21-06.01.56:095][551]LogSlate: Request Window 'summer (64-bit, PCD3D_SM5)' being destroyed
[2017.08.21-06.01.56:095][551]LogStreaming: Display: Suspending async loading (1)
[2017.08.21-06.01.56:150][551]LogStreaming: Display: Resuming async loading (0)
[2017.08.21-06.01.56:151][551]LogSlate: Window 'summer (64-bit, PCD3D_SM5)' being destroyed
[2017.08.21-06.01.56:155][551]LogWindowsTextInputMethodSystem: Display: IME system now activated using TSF (Google 日本語入力).
[2017.08.21-06.01.56:176][551]LogExit: Preparing to exit.
[2017.08.21-06.01.56:177][551]LogMoviePlayer: Shutting down movie player
[2017.08.21-06.01.56:183][551]LogExit: Game engine shut down
[2017.08.21-06.01.56:208][551]LogExit: Object subsystem successfully closed.
[2017.08.21-06.01.56:212][551]LogD3D11RHI: Shutdown
[2017.08.21-06.01.56:212][551]LogD3D11RHI: CleanupD3DDevice
[2017.08.21-06.01.56:216][551]LogD3D11RHI: ~FD3D11DynamicRHI
[2017.08.21-06.01.56:216][551]LogModuleManager: Shutting down and abandoning module AutomationController (158)
[2017.08.21-06.01.56:216][551]LogModuleManager: Shutting down and abandoning module AutomationWorker (156)
[2017.08.21-06.01.56:216][551]LogModuleManager: Shutting down and abandoning module AIModule (154)
[2017.08.21-06.01.56:216][551]LogModuleManager: Shutting down and abandoning module GameplayDebugger (153)
[2017.08.21-06.01.56:216][551]LogModuleManager: Shutting down and abandoning module WmfMediaFactory (150)
[2017.08.21-06.01.56:216][551]LogModuleManager: Shutting down and abandoning module AvfMediaFactory (148)
[2017.08.21-06.01.56:216][551]LogModuleManager: Shutting down and abandoning module AndroidMediaFactory (146)
[2017.08.21-06.01.56:216][551]LogModuleManager: Shutting down and abandoning module Media (145)
[2017.08.21-06.01.56:216][551]LogModuleManager: Shutting down and abandoning module CharacterAI (142)
[2017.08.21-06.01.56:216][551]LogModuleManager: Shutting down and abandoning module SessionServices (140)
[2017.08.21-06.01.56:216][551]LogModuleManager: Shutting down and abandoning module MovieSceneTracks (138)
[2017.08.21-06.01.56:216][551]LogModuleManager: Shutting down and abandoning module MovieScene (136)
[2017.08.21-06.01.56:216][551]LogModuleManager: Shutting down and abandoning module GeometryCache (134)
[2017.08.21-06.01.56:216][551]LogModuleManager: Shutting down and abandoning module Niagara (132)
[2017.08.21-06.01.56:216][551]LogModuleManager: Shutting down and abandoning module StreamingPauseRendering (130)
[2017.08.21-06.01.56:216][551]LogModuleManager: Shutting down and abandoning module AnalyticsET (128)
[2017.08.21-06.01.56:216][551]LogModuleManager: Shutting down and abandoning module ProfilerService (126)
[2017.08.21-06.01.56:380][551]LogModuleManager: Shutting down and abandoning module TaskGraph (124)
[2017.08.21-06.01.56:380][551]LogModuleManager: Shutting down and abandoning module HTML5Networking (120)
[2017.08.21-06.01.56:380][551]LogModuleManager: Shutting down and abandoning module SteamVRController (118)
[2017.08.21-06.01.56:380][551]LogModuleManager: Shutting down and abandoning module ProceduralMeshComponent (116)
[2017.08.21-06.01.56:380][551]LogModuleManager: Shutting down and abandoning module MobilePatchingUtils (114)
[2017.08.21-06.01.56:380][551]LogModuleManager: Shutting down and abandoning module CustomMeshComponent (112)
[2017.08.21-06.01.56:380][551]LogModuleManager: Shutting down and abandoning module CableComponent (110)
[2017.08.21-06.01.56:380][551]LogModuleManager: Shutting down and abandoning module ArchVisCharacter (108)
[2017.08.21-06.01.56:380][551]LogModuleManager: Shutting down and abandoning module AndroidPermission (106)
[2017.08.21-06.01.56:380][551]LogModuleManager: Shutting down and abandoning module OculusInput (104)
[2017.08.21-06.01.56:380][551]LogModuleManager: Shutting down and abandoning module UdpMessaging (102)
[2017.08.21-06.01.56:380][551]LogModuleManager: Shutting down and abandoning module TcpMessaging (100)
[2017.08.21-06.01.56:380][551]LogModuleManager: Shutting down and abandoning module FacialAnimation (98)
[2017.08.21-06.01.56:380][551]LogModuleManager: Shutting down and abandoning module LightPropagationVolumeRuntime (96)
[2017.08.21-06.01.56:380][551]LogModuleManager: Shutting down and abandoning module RuntimePhysXCooking (94)
[2017.08.21-06.01.56:381][551]LogModuleManager: Shutting down and abandoning module PhysXVehicles (92)
[2017.08.21-06.01.56:381][551]LogModuleManager: Shutting down and abandoning module LocationServicesBPLibrary (90)
[2017.08.21-06.01.56:381][551]LogModuleManager: Shutting down and abandoning module ImmediatePhysics (88)
[2017.08.21-06.01.56:381][551]LogModuleManager: Shutting down and abandoning module Paper2D (86)
[2017.08.21-06.01.56:381][551]LogModuleManager: Shutting down and abandoning module WmfMedia (84)
[2017.08.21-06.01.56:381][551]LogModuleManager: Shutting down and abandoning module WindowsMoviePlayer (82)
[2017.08.21-06.01.56:383][551]LogModuleManager: Shutting down and abandoning module PacketHandler (80)
[2017.08.21-06.01.56:383][551]LogModuleManager: Shutting down and abandoning module ClothingSystemRuntime (78)
[2017.08.21-06.01.56:383][551]LogModuleManager: Shutting down and abandoning module Overlay (76)
[2017.08.21-06.01.56:383][551]LogModuleManager: Shutting down and abandoning module MediaAssets (74)
[2017.08.21-06.01.56:383][551]LogModuleManager: Shutting down and abandoning module UMG (72)
[2017.08.21-06.01.56:383][551]LogModuleManager: Shutting down and abandoning module SlateReflector (70)
[2017.08.21-06.01.56:383][551]LogModuleManager: Shutting down and abandoning module Slate (68)
[2017.08.21-06.01.56:383][551]LogModuleManager: Shutting down and abandoning module MRMesh (66)
[2017.08.21-06.01.56:383][551]LogModuleManager: Shutting down and abandoning module Messaging (64)
[2017.08.21-06.01.56:383][551]LogModuleManager: Shutting down and abandoning module HeadMountedDisplay (62)
[2017.08.21-06.01.56:383][551]LogModuleManager: Shutting down and abandoning module XAudio2 (60)
[2017.08.21-06.01.56:383][551]LogModuleManager: Shutting down and abandoning module Networking (58)
[2017.08.21-06.01.56:383][551]LogModuleManager: Shutting down and abandoning module Core (54)
[2017.08.21-06.01.56:383][551]LogModuleManager: Shutting down and abandoning module LevelSequence (52)
[2017.08.21-06.01.56:383][551]LogModuleManager: Shutting down and abandoning module ImageWrapper (48)
[2017.08.21-06.01.56:383][551]LogModuleManager: Shutting down and abandoning module InputCore (46)
[2017.08.21-06.01.56:383][551]LogModuleManager: Shutting down and abandoning module PhysXCooking (44)
[2017.08.21-06.01.56:383][551]LogModuleManager: Shutting down and abandoning module OnlineSubsystem (40)
[2017.08.21-06.01.56:383][551]LogOnline: Display: Unloading online subsystem: NULL
[2017.08.21-06.01.56:383][551]LogModuleManager: Shutting down and abandoning module HTTP (39)
[2017.08.21-06.01.56:383][551]LogHttp: Display: Http module shutting down, but needs to wait on 1 outstanding Http requests:
[2017.08.21-06.01.56:383][551]LogHttp: Display: 	verb=[POST] url=[https://datarouter.ol.epicgames.com/datarouter/api/v1/public/data?SessionID=%7B1309A187-437B-8DFB-F3A0-16A6825B57B3%7D&AppID=UEGame.Rocket.Release%7C00000000000000000000000000000000%7CUE4Game&AppVersion=4.17.1-3586342%2B%2B%2BUE4%2BRelease-4.17&UserID=ANON-%7B49BBD72B-4DE0-D389-F0AD-D3972607EA0D%7D%7C%7C&AppEnvironment=datacollector-binary&UploadType=eteventstream] status=Processing
[2017.08.21-06.01.56:383][551]LogHttp: Warning: 0000018066E23880: request failed, libcurl error: 6 (Couldn't resolve host name)
[2017.08.21-06.01.56:384][551]LogHttp: Warning: 0000018066E23880: libcurl info message cache 0 (Could not resolve host: datarouter.ol.epicgames.com)
[2017.08.21-06.01.56:384][551]LogHttp: Warning: 0000018066E23880: libcurl info message cache 1 (Closing connection 1)
[2017.08.21-06.01.56:399][551]LogModuleManager: Shutting down and abandoning module SSL (38)
[2017.08.21-06.01.56:399][551]LogModuleManager: Shutting down and abandoning module SteamVR (34)
[2017.08.21-06.01.56:399][551]LogModuleManager: Shutting down and abandoning module ExampleDeviceProfileSelector (32)
[2017.08.21-06.01.56:399][551]LogModuleManager: Shutting down and abandoning module OculusHMD (30)
[2017.08.21-06.01.56:399][551]LogModuleManager: Shutting down and abandoning module ShaderCore (28)
[2017.08.21-06.01.56:399][551]LogModuleManager: Shutting down and abandoning module Landscape (26)
[2017.08.21-06.01.56:399][551]LogModuleManager: Shutting down and abandoning module SlateRHIRenderer (24)
[2017.08.21-06.01.56:400][551]LogModuleManager: Shutting down and abandoning module OpenGLDrv (22)
[2017.08.21-06.01.56:400][551]LogModuleManager: Shutting down and abandoning module D3D11RHI (20)
[2017.08.21-06.01.56:400][551]LogModuleManager: Shutting down and abandoning module AnimGraphRuntime (18)
[2017.08.21-06.01.56:400][551]LogModuleManager: Shutting down and abandoning module Renderer (16)
[2017.08.21-06.01.56:400][551]LogModuleManager: Shutting down and abandoning module Engine (14)
[2017.08.21-06.01.56:400][551]LogModuleManager: Shutting down and abandoning module CoreUObject (12)
[2017.08.21-06.01.56:400][551]LogModuleManager: Shutting down and abandoning module NetworkFile (10)
[2017.08.21-06.01.56:400][551]LogModuleManager: Shutting down and abandoning module CookedIterativeFile (8)
[2017.08.21-06.01.56:400][551]LogModuleManager: Shutting down and abandoning module StreamingFile (6)
[2017.08.21-06.01.56:400][551]LogModuleManager: Shutting down and abandoning module SandboxFile (4)
[2017.08.21-06.01.56:400][551]LogModuleManager: Shutting down and abandoning module PakFile (2)
[2017.08.21-06.01.56:404][551]LogExit: Exiting.
[2017.08.21-06.01.56:405][551]Log file closed, 08/21/17 15:01:56
