Log file open, 08/21/17 15:03:03
LogWindows: LoadLibraryWithSearchPaths failed for file aqProf.dll. GetLastError=0
LogWindows: LoadLibraryWithSearchPaths failed for file VtuneApi.dll. GetLastError=0
LogWindows: LoadLibraryWithSearchPaths failed for file VtuneApi32e.dll. GetLastError=0
LogInit: Display: Running engine for game: summer
LogInit: Display: Project file not found: ../../../summer/summer.uproject
LogInit: Display: 	Attempting to find via project info helper.
LogUProjectInfo: Found projects:
LogPlatformFile: Not using cached read wrapper
LogInit: Display: RandInit(-1319402338) SRandInit(-1319402338).
LogTaskGraph: Started task graph with 5 named threads and 14 total threads with 3 sets of task threads.
LogStats: Stats thread started at 0.153818
LogD3D11RHI: Aftermath initialized
LogPluginManager: Mounting plugin Paper2D
LogPluginManager: Mounting plugin OculusVR
LogPluginManager: Mounting plugin AndroidPermission
LogPluginManager: Mounting plugin ArchVisCharacter
LogPluginManager: Mounting plugin CableComponent
LogPluginManager: Mounting plugin CustomMeshComponent
LogPluginManager: Mounting plugin ExampleDeviceProfileSelector
LogPluginManager: Mounting plugin ImmediatePhysics
LogPluginManager: Mounting plugin LocationServicesBPLibrary
LogPluginManager: Mounting plugin MobilePatchingUtils
LogPluginManager: Mounting plugin PhysXVehicles
LogPluginManager: Mounting plugin ProceduralMeshComponent
LogPluginManager: Mounting plugin RuntimePhysXCooking
LogPluginManager: Mounting plugin SteamVR
LogPluginManager: Mounting plugin WindowsMoviePlayer
LogPluginManager: Mounting plugin LightPropagationVolume
LogPluginManager: Mounting plugin FacialAnimation
LogPluginManager: Mounting plugin CharacterAI
LogPluginManager: Mounting plugin HTML5Networking
LogPluginManager: Mounting plugin AndroidMedia
LogPluginManager: Mounting plugin AvfMedia
LogPluginManager: Mounting plugin WmfMedia
LogPluginManager: Mounting plugin TcpMessaging
LogPluginManager: Mounting plugin UdpMessaging
LogPluginManager: Mounting plugin OnlineSubsystem
LogPluginManager: Mounting plugin OnlineSubsystemNull
LogPluginManager: Mounting plugin OnlineSubsystemUtils
LogInit: Using libcurl 7.47.1
LogInit:  - built for x86_64-pc-win32
LogInit:  - supports SSL with OpenSSL/1.0.2g
LogInit:  - supports HTTP deflate (compression) using libz 1.2.8
LogInit:  - other features:
LogInit:      CURL_VERSION_SSL
LogInit:      CURL_VERSION_LIBZ
LogInit:      CURL_VERSION_IPV6
LogInit:      CURL_VERSION_ASYNCHDNS
LogInit:      CURL_VERSION_LARGEFILE
LogInit:      CURL_VERSION_IDN
LogInit:  CurlRequestOptions (configurable via config and command line):
LogInit:  - bVerifyPeer = false  - Libcurl will NOT verify peer certificate
LogInit:  - bUseHttpProxy = false  - Libcurl will NOT use HTTP proxy
LogInit:  - bDontReuseConnections = false  - Libcurl will reuse connections
LogInit:  - CertBundlePath = nullptr  - Libcurl will use whatever was configured at build time.
LogInit: Build: ++UE4+Release-4.17-CL-3586342
LogInit: Engine Version: 4.17.1-3586342+++UE4+Release-4.17
LogInit: Compatible Engine Version: 4.17.0-3573198+++UE4+Release-4.17
LogInit: Net CL: 3573198
LogDevObjectVersion: Number of dev versions registered: 16
LogDevObjectVersion:   Dev-Blueprints (B0D832E4-1F89-4F0D-ACCF-7EB736FD4AA2): 10
LogDevObjectVersion:   Dev-Build (E1C64328-A22C-4D53-A36C-8E866417BD8C): 0
LogDevObjectVersion:   Dev-Core (375EC13C-06E4-48FB-B500-84F0262A717E): 2
LogDevObjectVersion:   Dev-Editor (E4B068ED-F494-42E9-A231-DA0B2E46BB41): 20
LogDevObjectVersion:   Dev-Framework (CFFC743F-43B0-4480-9391-14DF171D2073): 28
LogDevObjectVersion:   Dev-Mobile (B02B49B5-BB20-44E9-A304-32B752E40360): 0
LogDevObjectVersion:   Dev-Networking (A4E4105C-59A1-49B5-A7C5-40C4547EDFEE): 0
LogDevObjectVersion:   Dev-Online (39C831C9-5AE6-47DC-9A44-9C173E1C8E7C): 0
LogDevObjectVersion:   Dev-Physics (78F01B33-EBEA-4F98-B9B4-84EACCB95AA2): 0
LogDevObjectVersion:   Dev-Platform (6631380F-2D4D-43E0-8009-CF276956A95A): 0
LogDevObjectVersion:   Dev-Rendering (12F88B9F-8875-4AFC-A67C-D90C383ABD29): 19
LogDevObjectVersion:   Dev-Sequencer (7B5AE74C-D270-4C10-A958-57980B212A5A): 4
LogDevObjectVersion:   Dev-VR (D7296918-1DD6-4BDD-9DE2-64A83CC13884): 0
LogDevObjectVersion:   Dev-LoadTimes (C2A15278-BFE7-4AFE-6C17-90FF531DF755): 1
LogDevObjectVersion:   Private-Geometry (6EACA3D4-40EC-4CC1-B786-8BED09428FC5): 1
LogDevObjectVersion:   Dev-AnimPhys (29E575DD-E0A3-4627-9D10-D276232CDCEA): 7
LogInit: Compiled (64-bit): Aug 15 2017 02:07:53
LogInit: Compiled with Visual C++: 19.00.24215.01
LogInit: Build Configuration: Development
LogInit: Branch Name: ++UE4+Release-4.17
LogInit: Command line:  
LogInit: Base directory: E:/summer/WindowsNoEditor/Engine/Binaries/Win64/
LogInit: Installed Engine Build: 0
LogInit: Presizing for max 2097152 objects, including 0 objects not considered by GC, pre-allocating 0 bytes for permanent pool.
LogStreaming: Display: Async Loading initialized: Event Driven Loader: true, Async Loading Thread: true
LogInit: Object subsystem initialized
[2017.08.21-06.03.03:598][  0]LogInit: Selected Device Profile: [WindowsNoEditor]
[2017.08.21-06.03.03:598][  0]LogInit: Applying CVar settings loaded from the selected device profile: [WindowsNoEditor]
[2017.08.21-06.03.03:603][  0]LogInit: Computer: DESKTOP-L8K1I79
[2017.08.21-06.03.03:603][  0]LogInit: User: right
[2017.08.21-06.03.03:603][  0]LogInit: CPU Page size=4096, Cores=4
[2017.08.21-06.03.03:603][  0]LogInit: High frequency timer resolution =3.515614 MHz
[2017.08.21-06.03.03:603][  0]LogMemory: Memory total: Physical=15.9GB (16GB approx)
[2017.08.21-06.03.03:603][  0]LogMemory: Platform Memory Stats for WindowsNoEditor
[2017.08.21-06.03.03:603][  0]LogMemory: Process Physical Memory: 98.24 MB used, 98.24 MB peak
[2017.08.21-06.03.03:603][  0]LogMemory: Process Virtual Memory: 111.57 MB used, 111.57 MB peak
[2017.08.21-06.03.03:603][  0]LogMemory: Physical Memory: 6733.02 MB used,  9565.66 MB free, 16298.68 MB total
[2017.08.21-06.03.03:603][  0]LogMemory: Virtual Memory: 341.72 MB used,  9565.66 MB free, 134217728.00 MB total
[2017.08.21-06.03.03:680][  0]LogInit: Using OS detected language (ja-JP).
[2017.08.21-06.03.03:680][  0]LogInit: Using OS detected locale (ja-JP).
[2017.08.21-06.03.03:680][  0]LogTextLocalizationManager: No localization for 'ja-JP' exists, so 'en' will be used for the language.
[2017.08.21-06.03.03:681][  0]LogTextLocalizationManager: No localization for 'ja-JP' exists, so 'en' will be used for the locale.
[2017.08.21-06.03.03:725][  0]LogD3D11RHI: D3D11 adapters:
[2017.08.21-06.03.04:236][  0]LogD3D11RHI:    0. 'NVIDIA GeForce GTX 1070' (Feature Level 11_0)
[2017.08.21-06.03.04:236][  0]LogD3D11RHI:       8085/0/8149 MB DedicatedVideo/DedicatedSystem/SharedSystem, Outputs:1, VendorId:0x10de
[2017.08.21-06.03.04:237][  0]LogD3D11RHI:    1. 'Microsoft Basic Render Driver' (Feature Level 11_0)
[2017.08.21-06.03.04:237][  0]LogD3D11RHI:       0/0/8149 MB DedicatedVideo/DedicatedSystem/SharedSystem, Outputs:0, VendorId:0x1414
[2017.08.21-06.03.04:237][  0]LogD3D11RHI: Chosen D3D11 Adapter: 0
[2017.08.21-06.03.04:243][  0]LogD3D11RHI: Creating new Direct3DDevice
[2017.08.21-06.03.04:243][  0]LogD3D11RHI:     GPU DeviceId: 0x1b81 (for the marketing name, search the web for "GPU Device Id")
[2017.08.21-06.03.04:243][  0]LogWindows: EnumDisplayDevices:
[2017.08.21-06.03.04:243][  0]LogWindows:    0. 'NVIDIA GeForce GTX 1070' (P:1 D:1)
[2017.08.21-06.03.04:243][  0]LogWindows:    1. 'NVIDIA GeForce GTX 1070' (P:0 D:0)
[2017.08.21-06.03.04:243][  0]LogWindows:    2. 'NVIDIA GeForce GTX 1070' (P:0 D:0)
[2017.08.21-06.03.04:244][  0]LogWindows:    3. 'NVIDIA GeForce GTX 1070' (P:0 D:0)
[2017.08.21-06.03.04:244][  0]LogWindows: DebugString: FoundDriverCount:4 
[2017.08.21-06.03.04:244][  0]LogD3D11RHI:     Adapter Name: NVIDIA GeForce GTX 1070
[2017.08.21-06.03.04:244][  0]LogD3D11RHI:   Driver Version: 385.28 (internal:22.21.13.8528, unified:385.28)
[2017.08.21-06.03.04:244][  0]LogD3D11RHI:      Driver Date: 8-9-2017
[2017.08.21-06.03.04:244][  0]LogRHI: Texture pool is 1361 MB (70% of 1945 MB)
[2017.08.21-06.03.04:740][  0]LogD3D11RHI: Async texture creation enabled
[2017.08.21-06.03.04:775][  0]LogD3D11RHI: GPU Timing Frequency: 1000.000000 (Debug: 2 1)
[2017.08.21-06.03.04:795][  0]LogMaterial: Verifying Global Shaders for PCD3D_SM5
[2017.08.21-06.03.04:796][  0]LogSlate: Using Freetype 2.6.0
[2017.08.21-06.03.04:798][  0]LogSlate: SlateFontCache - WITH_FREETYPE: 1, WITH_HARFBUZZ: 1
[2017.08.21-06.03.04:798][  0]LogSlate: SlateFontCache - WITH_FREETYPE: 1, WITH_HARFBUZZ: 1
[2017.08.21-06.03.04:859][  0]LogAssetRegistry: FAssetRegistry took 0.0130 seconds to start up
[2017.08.21-06.03.04:958][  0]LogPackageLocalizationCache: Processed 5 localized package path(s) for 1 prioritized culture(s) in 0.002248 seconds
[2017.08.21-06.03.04:958][  0]LogPakFile: New pak file ../../../summer/Content/Paks/summer-WindowsNoEditor.pak added to pak precacher.
[2017.08.21-06.03.04:960][  0]LogInit: Selected Device Profile: [WindowsNoEditor]
[2017.08.21-06.03.04:966][  0]LogContentStreaming: Texture pool size is 1000.00 MB
[2017.08.21-06.03.05:006][  0]LogNetVersion: summer , NetCL: 3573198, EngineNetVer: 2, GameNetVer: 0 (Checksum: 2807056679)
[2017.08.21-06.03.05:068][  0]LogInit: WinSock: version 1.1 (2.2), MaxSocks=32767, MaxUdp=65467
[2017.08.21-06.03.05:081][  0]LogMoviePlayer: Initializing movie player
[2017.08.21-06.03.05:194][  0]LogOcInput: OculusInput pre-init called
[2017.08.21-06.03.05:194][  0]LogAndroidPermission: UAndroidPermissionCallbackProxy::GetInstance
[2017.08.21-06.03.05:203][  0]LogUObjectArray: 30841 objects as part of root set at end of initial load.
[2017.08.21-06.03.05:203][  0]LogUObjectAllocator: 6112624 out of 0 bytes used by permanent object pool.
[2017.08.21-06.03.05:203][  0]LogUObjectArray: CloseDisregardForGC: 0/0 objects in disregard for GC pool
[2017.08.21-06.03.05:225][  0]LogEngine: Initializing Engine...
[2017.08.21-06.03.05:272][  0]LogHMD: SteamVR initialized.  Driver: lighthouse  Display: LHR-38AFB3DE
[2017.08.21-06.03.05:432][  0]LogStats: UGameplayTagsManager::ConstructGameplayTagTree: Construct from data asset -  0.000 s
[2017.08.21-06.03.05:432][  0]LogStats: UGameplayTagsManager::ConstructGameplayTagTree: GameplayTagTreeChangedEvent.Broadcast -  0.000 s
[2017.08.21-06.03.05:450][  0]LogInit: XAudio2 using 'スピーカー (4- HTC Vive)' : 2 channels at 44.1 kHz using 16 bits per sample (channel mask 0x3)
[2017.08.21-06.03.05:468][  0]LogInit: FAudioDevice initialized.
[2017.08.21-06.03.05:479][  0]LogInit: Texture streaming: Enabled
[2017.08.21-06.03.05:480][  0]LogConsoleManager: Warning: Setting the console variable 'r.VSync' with 'SetByGameSetting' was ignored as it is lower priority than the previous 'SetByCode'. Value remains '0'
[2017.08.21-06.03.05:482][  0]LogInit: Display: Game Engine Initialized.
[2017.08.21-06.03.05:482][  0]LogGameplayTags: Display: UGameplayTagsManager::DoneAddingNativeTags. DelegateIsBound: 0
[2017.08.21-06.03.05:491][  0]LogInit: Display: Starting Game.
[2017.08.21-06.03.05:491][  0]LogNet: Browse: /Game/Maps/start_map?Name=Player
[2017.08.21-06.03.05:492][  0]LogLoad: LoadMap: /Game/Maps/start_map?Name=Player
[2017.08.21-06.03.05:507][  0]LogMemory: Platform Memory Stats for WindowsNoEditor
[2017.08.21-06.03.05:507][  0]LogMemory: Process Physical Memory: 429.25 MB used, 514.63 MB peak
[2017.08.21-06.03.05:507][  0]LogMemory: Process Virtual Memory: 663.39 MB used, 724.03 MB peak
[2017.08.21-06.03.05:507][  0]LogMemory: Physical Memory: 7050.07 MB used,  9248.61 MB free, 16298.68 MB total
[2017.08.21-06.03.05:507][  0]LogMemory: Virtual Memory: 1261.75 MB used,  9248.61 MB free, 134217728.00 MB total
[2017.08.21-06.03.05:507][  0]LogMemory: 
[2017.08.21-06.03.05:507][  0]FMallocBinned2 Mem report
[2017.08.21-06.03.05:507][  0]Small Pool
[2017.08.21-06.03.05:507][  0]Requested Allocations: 24.445328mb  (including block size padding)
[2017.08.21-06.03.05:507][  0]OS Allocated: 28.437500mb
[2017.08.21-06.03.05:507][  0]Large Pool
[2017.08.21-06.03.05:508][  0]Requested Allocations: 78.971939mb
[2017.08.21-06.03.05:508][  0]OS Allocated: 79.562500mb
[2017.08.21-06.03.05:508][  0]OS Page Allocator
[2017.08.21-06.03.05:508][  0]Cached free pages: 0.000000mb
[2017.08.21-06.03.05:544][  0]LogMaterial: Can't compile M_start with cooked content, will use default material instead
[2017.08.21-06.03.05:544][  0]LogMaterial: Warning: Failed to compile Material /Game/Movies/M_start.M_start for platform PCD3D_SM5, Default Material will be used in game.
[2017.08.21-06.03.05:551][  0]LogAIModule: Creating AISystem for world start_map
[2017.08.21-06.03.05:553][  0]LogLoad: Game class is 'NewGameMode_C'
[2017.08.21-06.03.05:554][  0]LogUMG: Display: Widget Class StartMenue_C - Loaded Fast Template.
[2017.08.21-06.03.05:555][  0]LogWorld: Bringing World /Game/Maps/start_map.start_map up for play (max tick rate 0) at 2017.08.21-15.03.05
[2017.08.21-06.03.05:555][  0]LogWorld: Bringing up level for play took: 0.001270
[2017.08.21-06.03.05:555][  0]LogGameMode: FindPlayerStart: PATHS NOT DEFINED or NO PLAYERSTART with positive rating
[2017.08.21-06.03.05:592][  0]LogSlate: Took 0.031310 seconds to synchronously load lazily loaded font '../../../summer/Content/Fonts/ackaisyo.ufont' (9192K)
[2017.08.21-06.03.05:593][  0]LogLoad: Took 0.101196 seconds to LoadMap(/Game/Maps/start_map)
[2017.08.21-06.03.05:818][  0]LogLoad: (Engine Initialization) Total time: 2.59 seconds
[2017.08.21-06.03.05:818][  0]LogExternalProfiler: Found external profiler: VSPerf
[2017.08.21-06.03.05:818][  0]LogExternalProfiler: Using external profiler: VSPerf
[2017.08.21-06.03.05:835][  0]LogSteamVRController: Controller role for device 3 is 2 (invalid=0, left=1, right=2).
[2017.08.21-06.03.05:835][  0]LogSteamVRController: Warning: Controller device 3 is being assigned to its prefered role 'right'.
[2017.08.21-06.03.05:835][  0]LogSteamVRController: Controller role for device 4 is 0 (invalid=0, left=1, right=2).
[2017.08.21-06.03.05:835][  0]LogSteamVRController: Putting controller 4 on the left hand because there is already a controller for the right.
[2017.08.21-06.03.05:838][  0]LogStreaming: Display: Suspending async loading (1)
[2017.08.21-06.03.05:881][  0]LogStreaming: Display: Resuming async loading (0)
[2017.08.21-06.03.05:885][  0]LogSlate: Took 0.001390 seconds to synchronously load lazily loaded font '../../../Engine/Content/EngineFonts/Faces/RobotoRegular.ufont' (155K)
[2017.08.21-06.03.05:891][  1]LogStreaming: Display: Suspending async loading (1)
[2017.08.21-06.03.05:949][  1]LogRenderer: Reallocating scene render targets to support 2688x1512 Format 10 NumSamples 4 (Frame:1).
[2017.08.21-06.03.06:013][  1]LogStreaming: Display: Resuming async loading (0)
[2017.08.21-06.03.06:017][  1]LogRenderer: Reallocating scene render targets to support 3024x1680 Format 10 NumSamples 4 (Frame:2).
[2017.08.21-06.03.06:017][  1]LogStreaming: Display: Suspending async loading (1)
[2017.08.21-06.03.06:071][  1]LogStreaming: Display: Resuming async loading (0)
[2017.08.21-06.03.16:892][968]LogNet: Browse: /Game/Maps/Intro
[2017.08.21-06.03.16:903][968]LogLoad: LoadMap: /Game/Maps/Intro
[2017.08.21-06.03.16:932][968]LogMemory: Platform Memory Stats for WindowsNoEditor
[2017.08.21-06.03.16:932][968]LogMemory: Process Physical Memory: 421.14 MB used, 514.63 MB peak
[2017.08.21-06.03.16:932][968]LogMemory: Process Virtual Memory: 1329.45 MB used, 1969.27 MB peak
[2017.08.21-06.03.16:932][968]LogMemory: Physical Memory: 7008.39 MB used,  9290.29 MB free, 16298.68 MB total
[2017.08.21-06.03.16:932][968]LogMemory: Virtual Memory: 2003.16 MB used,  9290.29 MB free, 134217728.00 MB total
[2017.08.21-06.03.16:932][968]LogMemory: 
[2017.08.21-06.03.16:932][968]FMallocBinned2 Mem report
[2017.08.21-06.03.16:932][968]Small Pool
[2017.08.21-06.03.16:932][968]Requested Allocations: 123.735260mb  (including block size padding)
[2017.08.21-06.03.16:932][968]OS Allocated: 36.312500mb
[2017.08.21-06.03.16:932][968]Large Pool
[2017.08.21-06.03.16:932][968]Requested Allocations: 101.435211mb
[2017.08.21-06.03.16:932][968]OS Allocated: 102.062500mb
[2017.08.21-06.03.16:932][968]OS Page Allocator
[2017.08.21-06.03.16:932][968]Cached free pages: 0.000000mb
[2017.08.21-06.03.16:969][968]LogAIModule: Creating AISystem for world Intro
[2017.08.21-06.03.16:970][968]LogLoad: Game class is 'NewGameMode_C'
[2017.08.21-06.03.16:971][968]LogUMG: Display: Widget Class IntroUI_C - Loaded Fast Template.
[2017.08.21-06.03.16:972][968]LogWorld: Bringing World /Game/Maps/Intro.Intro up for play (max tick rate 0) at 2017.08.21-15.03.16
[2017.08.21-06.03.16:972][968]LogWorld: Bringing up level for play took: 0.000815
[2017.08.21-06.03.16:972][968]LogGameMode: FindPlayerStart: PATHS NOT DEFINED or NO PLAYERSTART with positive rating
[2017.08.21-06.03.16:974][968]LogLoad: Took 0.071599 seconds to LoadMap(/Game/Maps/Intro)
[2017.08.21-06.03.16:975][968]LogLevel: Warning: Failed to find streaming level object associated with 'NewMap'
[2017.08.21-06.03.16:987][970]LogSlate: Took 0.003400 seconds to synchronously load lazily loaded font '../../../summer/Content/Fonts/ackaisyo.ufont' (9192K)
[2017.08.21-06.03.27:938][951]LogNet: Browse: /Game/Maps/NewMap
[2017.08.21-06.03.27:950][951]LogLoad: LoadMap: /Game/Maps/NewMap
[2017.08.21-06.03.27:970][951]LogMemory: Platform Memory Stats for WindowsNoEditor
[2017.08.21-06.03.27:971][951]LogMemory: Process Physical Memory: 331.04 MB used, 514.63 MB peak
[2017.08.21-06.03.27:971][951]LogMemory: Process Virtual Memory: 1238.56 MB used, 1969.27 MB peak
[2017.08.21-06.03.27:971][951]LogMemory: Physical Memory: 6907.82 MB used,  9390.86 MB free, 16298.68 MB total
[2017.08.21-06.03.27:971][951]LogMemory: Virtual Memory: 1874.05 MB used,  9390.86 MB free, 134217728.00 MB total
[2017.08.21-06.03.27:971][951]LogMemory: 
[2017.08.21-06.03.27:971][951]FMallocBinned2 Mem report
[2017.08.21-06.03.27:971][951]Small Pool
[2017.08.21-06.03.27:971][951]Requested Allocations: 145.201935mb  (including block size padding)
[2017.08.21-06.03.27:971][951]OS Allocated: 36.687500mb
[2017.08.21-06.03.27:971][951]Large Pool
[2017.08.21-06.03.27:971][951]Requested Allocations: 101.247711mb
[2017.08.21-06.03.27:971][951]OS Allocated: 101.875000mb
[2017.08.21-06.03.27:971][951]OS Page Allocator
[2017.08.21-06.03.27:971][951]Cached free pages: 0.000000mb
[2017.08.21-06.03.28:207][951]LogMaterial: Can't compile lambert13 with cooked content, will use default material instead
[2017.08.21-06.03.28:207][951]LogMaterial: Warning: Failed to compile Material /Game/ikayaki/lambert13.lambert13 for platform PCD3D_SM5, Default Material will be used in game.
[2017.08.21-06.03.28:918][951]LogAIModule: Creating AISystem for world NewMap
[2017.08.21-06.03.28:920][951]LogLoad: Game class is 'NewGameMode_C'
[2017.08.21-06.03.28:934][951]LogWorld: Bringing World /Game/Maps/NewMap.NewMap up for play (max tick rate 0) at 2017.08.21-15.03.28
[2017.08.21-06.03.28:936][951]LogWorld: Bringing up level for play took: 0.015753
[2017.08.21-06.03.28:937][951]LogGameMode: FindPlayerStart: PATHS NOT DEFINED or NO PLAYERSTART with positive rating
[2017.08.21-06.03.28:940][951]LogLoad: Took 0.990391 seconds to LoadMap(/Game/Maps/NewMap)
[2017.08.21-06.03.59:808][685]LogPlayerController: Warning: Invalid hand specified (4) for haptic feedback effect MotionControllerHaptics
[2017.08.21-06.04.05:883][157]LogHttp: Warning: 00000239B284C700: request failed, libcurl error: 6 (Couldn't resolve host name)
[2017.08.21-06.04.05:883][157]LogHttp: Warning: 00000239B284C700: libcurl info message cache 0 (Could not resolve host: datarouter.ol.epicgames.com)
[2017.08.21-06.04.05:883][157]LogHttp: Warning: 00000239B284C700: libcurl info message cache 1 (Closing connection 0)
[2017.08.21-06.04.46:261][657]LogProjectileMovement: Warning: MyProjectile_C_3 is outside the world bounds!
[2017.08.21-06.04.46:361][666]LogProjectileMovement: Warning: MyProjectile_C_2 is outside the world bounds!
[2017.08.21-06.04.47:344][754]LogProjectileMovement: Warning: MyProjectile_C_0 is outside the world bounds!
[2017.08.21-06.04.47:702][786]LogProjectileMovement: Warning: MyProjectile_C_5 is outside the world bounds!
[2017.08.21-06.04.49:858][979]LogProjectileMovement: Warning: MyProjectile_C_10 is outside the world bounds!
[2017.08.21-06.04.50:059][997]LogProjectileMovement: Warning: MyProjectile_C_11 is outside the world bounds!
[2017.08.21-06.04.50:092][  0]LogProjectileMovement: Warning: MyProjectile_C_7 is outside the world bounds!
[2017.08.21-06.04.51:958][167]LogProjectileMovement: Warning: MyProjectile_C_8 is outside the world bounds!
[2017.08.21-06.04.52:137][183]LogProjectileMovement: Warning: MyProjectile_C_12 is outside the world bounds!
[2017.08.21-06.04.52:148][184]LogProjectileMovement: Warning: MyProjectile_C_1 is outside the world bounds!
[2017.08.21-06.04.53:142][273]LogProjectileMovement: Warning: MyProjectile_C_4 is outside the world bounds!
[2017.08.21-06.04.54:002][350]LogProjectileMovement: Warning: MyProjectile_C_9 is outside the world bounds!
[2017.08.21-06.04.58:157][722]LogProjectileMovement: Warning: MyProjectile_C_6 is outside the world bounds!
[2017.08.21-06.05.23:869][ 24]LogProjectileMovement: Warning: MyProjectile_C_13 is outside the world bounds!
[2017.08.21-06.05.26:449][255]LogProjectileMovement: Warning: MyProjectile_C_15 is outside the world bounds!
[2017.08.21-06.05.27:566][355]LogProjectileMovement: Warning: MyProjectile_C_14 is outside the world bounds!
[2017.08.21-06.05.27:645][362]LogProjectileMovement: Warning: MyProjectile_C_16 is outside the world bounds!
[2017.08.21-06.05.29:387][518]LogProjectileMovement: Warning: MyProjectile_C_24 is outside the world bounds!
[2017.08.21-06.05.29:420][521]LogProjectileMovement: Warning: MyProjectile_C_23 is outside the world bounds!
[2017.08.21-06.05.29:532][531]LogProjectileMovement: Warning: MyProjectile_C_25 is outside the world bounds!
[2017.08.21-06.05.30:326][602]LogProjectileMovement: Warning: MyProjectile_C_26 is outside the world bounds!
[2017.08.21-06.05.30:448][613]LogProjectileMovement: Warning: MyProjectile_C_32 is outside the world bounds!
[2017.08.21-06.05.30:549][622]LogProjectileMovement: Warning: MyProjectile_C_27 is outside the world bounds!
[2017.08.21-06.05.30:963][659]LogProjectileMovement: Warning: MyProjectile_C_22 is outside the world bounds!
[2017.08.21-06.05.31:163][677]LogProjectileMovement: Warning: MyProjectile_C_31 is outside the world bounds!
[2017.08.21-06.05.32:560][802]LogProjectileMovement: Warning: MyProjectile_C_33 is outside the world bounds!
[2017.08.21-06.05.34:045][935]LogProjectileMovement: Warning: MyProjectile_C_21 is outside the world bounds!
[2017.08.21-06.05.34:067][937]LogProjectileMovement: Warning: MyProjectile_C_30 is outside the world bounds!
[2017.08.21-06.05.34:179][947]LogProjectileMovement: Warning: MyProjectile_C_17 is outside the world bounds!
[2017.08.21-06.05.34:369][964]LogProjectileMovement: Warning: MyProjectile_C_37 is outside the world bounds!
[2017.08.21-06.05.34:603][985]LogProjectileMovement: Warning: MyProjectile_C_38 is outside the world bounds!
[2017.08.21-06.05.35:407][ 57]LogProjectileMovement: Warning: MyProjectile_C_20 is outside the world bounds!
[2017.08.21-06.05.35:877][ 99]LogProjectileMovement: Warning: MyProjectile_C_36 is outside the world bounds!
[2017.08.21-06.05.36:379][144]LogProjectileMovement: Warning: MyProjectile_C_18 is outside the world bounds!
[2017.08.21-06.05.37:954][285]LogProjectileMovement: Warning: MyProjectile_C_19 is outside the world bounds!
[2017.08.21-06.05.38:290][315]LogProjectileMovement: Warning: MyProjectile_C_39 is outside the world bounds!
[2017.08.21-06.05.40:971][555]LogProjectileMovement: Warning: MyProjectile_C_35 is outside the world bounds!
[2017.08.21-06.05.41:517][604]LogProjectileMovement: Warning: MyProjectile_C_40 is outside the world bounds!
[2017.08.21-06.05.42:445][687]LogProjectileMovement: Warning: MyProjectile_C_43 is outside the world bounds!
[2017.08.21-06.05.43:115][747]LogProjectileMovement: Warning: MyProjectile_C_41 is outside the world bounds!
[2017.08.21-06.05.44:266][850]LogProjectileMovement: Warning: MyProjectile_C_42 is outside the world bounds!
[2017.08.21-06.05.45:160][930]LogProjectileMovement: Warning: MyProjectile_C_45 is outside the world bounds!
[2017.08.21-06.05.45:517][962]LogProjectileMovement: Warning: MyProjectile_C_52 is outside the world bounds!
[2017.08.21-06.05.45:919][998]LogProjectileMovement: Warning: MyProjectile_C_34 is outside the world bounds!
[2017.08.21-06.05.46:008][  6]LogProjectileMovement: Warning: MyProjectile_C_53 is outside the world bounds!
[2017.08.21-06.05.47:092][103]LogProjectileMovement: Warning: MyProjectile_C_51 is outside the world bounds!
[2017.08.21-06.05.47:125][106]LogProjectileMovement: Warning: MyProjectile_C_54 is outside the world bounds!
[2017.08.21-06.05.47:461][136]LogProjectileMovement: Warning: MyProjectile_C_55 is outside the world bounds!
[2017.08.21-06.05.47:638][152]LogProjectileMovement: Warning: MyProjectile_C_29 is outside the world bounds!
[2017.08.21-06.05.47:852][171]LogProjectileMovement: Warning: MyProjectile_C_57 is outside the world bounds!
[2017.08.21-06.05.47:963][181]LogProjectileMovement: Warning: MyProjectile_C_58 is outside the world bounds!
[2017.08.21-06.05.48:823][258]LogProjectileMovement: Warning: MyProjectile_C_56 is outside the world bounds!
[2017.08.21-06.05.48:889][264]LogProjectileMovement: Warning: MyProjectile_C_28 is outside the world bounds!
[2017.08.21-06.05.49:136][286]LogProjectileMovement: Warning: MyProjectile_C_50 is outside the world bounds!
[2017.08.21-06.05.49:270][298]LogProjectileMovement: Warning: MyProjectile_C_59 is outside the world bounds!
[2017.08.21-06.05.49:281][299]LogProjectileMovement: Warning: MyProjectile_C_69 is outside the world bounds!
[2017.08.21-06.05.49:672][334]LogProjectileMovement: Warning: MyProjectile_C_60 is outside the world bounds!
[2017.08.21-06.05.50:074][370]LogProjectileMovement: Warning: MyProjectile_C_49 is outside the world bounds!
[2017.08.21-06.05.50:520][410]LogProjectileMovement: Warning: MyProjectile_C_61 is outside the world bounds!
[2017.08.21-06.05.50:543][412]LogProjectileMovement: Warning: MyProjectile_C_63 is outside the world bounds!
[2017.08.21-06.05.50:586][416]LogProjectileMovement: Warning: MyProjectile_C_62 is outside the world bounds!
[2017.08.21-06.05.50:912][445]LogProjectileMovement: Warning: MyProjectile_C_68 is outside the world bounds!
[2017.08.21-06.05.50:989][452]LogProjectileMovement: Warning: MyProjectile_C_65 is outside the world bounds!
[2017.08.21-06.05.51:169][468]LogProjectileMovement: Warning: MyProjectile_C_64 is outside the world bounds!
[2017.08.21-06.05.51:190][470]LogProjectileMovement: Warning: MyProjectile_C_67 is outside the world bounds!
[2017.08.21-06.05.51:203][471]LogProjectileMovement: Warning: MyProjectile_C_66 is outside the world bounds!
[2017.08.21-06.05.54:620][777]LogProjectileMovement: Warning: MyProjectile_C_48 is outside the world bounds!
[2017.08.21-06.05.56:015][902]LogProjectileMovement: Warning: MyProjectile_C_71 is outside the world bounds!
[2017.08.21-06.05.56:675][961]LogProjectileMovement: Warning: MyProjectile_C_72 is outside the world bounds!
[2017.08.21-06.05.57:647][ 48]LogProjectileMovement: Warning: MyProjectile_C_73 is outside the world bounds!
[2017.08.21-06.05.57:657][ 49]LogProjectileMovement: Warning: MyProjectile_C_74 is outside the world bounds!
[2017.08.21-06.05.57:680][ 51]LogProjectileMovement: Warning: MyProjectile_C_78 is outside the world bounds!
[2017.08.21-06.05.57:981][ 78]LogProjectileMovement: Warning: MyProjectile_C_70 is outside the world bounds!
[2017.08.21-06.05.58:072][ 86]LogProjectileMovement: Warning: MyProjectile_C_80 is outside the world bounds!
[2017.08.21-06.05.58:182][ 96]LogProjectileMovement: Warning: MyProjectile_C_77 is outside the world bounds!
[2017.08.21-06.05.58:216][ 99]LogProjectileMovement: Warning: MyProjectile_C_79 is outside the world bounds!
[2017.08.21-06.05.58:416][117]LogProjectileMovement: Warning: MyProjectile_C_75 is outside the world bounds!
[2017.08.21-06.05.58:608][134]LogProjectileMovement: Warning: MyProjectile_C_44 is outside the world bounds!
[2017.08.21-06.05.58:752][147]LogProjectileMovement: Warning: MyProjectile_C_76 is outside the world bounds!
[2017.08.21-06.05.59:468][211]LogProjectileMovement: Warning: MyProjectile_C_83 is outside the world bounds!
[2017.08.21-06.05.59:724][234]LogProjectileMovement: Warning: MyProjectile_C_84 is outside the world bounds!
[2017.08.21-06.05.59:792][240]LogProjectileMovement: Warning: MyProjectile_C_81 is outside the world bounds!
[2017.08.21-06.05.59:937][253]LogProjectileMovement: Warning: MyProjectile_C_82 is outside the world bounds!
[2017.08.21-06.06.03:925][610]LogProjectileMovement: Warning: MyProjectile_C_46 is outside the world bounds!
[2017.08.21-06.06.07:052][890]LogProjectileMovement: Warning: MyProjectile_C_85 is outside the world bounds!
[2017.08.21-06.06.08:605][ 29]LogProjectileMovement: Warning: MyProjectile_C_90 is outside the world bounds!
[2017.08.21-06.06.08:796][ 46]LogProjectileMovement: Warning: MyProjectile_C_47 is outside the world bounds!
[2017.08.21-06.06.11:445][283]LogProjectileMovement: Warning: MyProjectile_C_88 is outside the world bounds!
[2017.08.21-06.06.11:969][330]LogProjectileMovement: Warning: MyProjectile_C_86 is outside the world bounds!
[2017.08.21-06.06.12:806][405]LogProjectileMovement: Warning: MyProjectile_C_89 is outside the world bounds!
[2017.08.21-06.06.13:688][484]LogProjectileMovement: Warning: MyProjectile_C_87 is outside the world bounds!
[2017.08.21-06.06.17:485][824]LogProjectileMovement: Warning: MyProjectile_C_91 is outside the world bounds!
[2017.08.21-06.06.18:402][906]LogProjectileMovement: Warning: MyProjectile_C_95 is outside the world bounds!
[2017.08.21-06.06.21:038][142]LogProjectileMovement: Warning: MyProjectile_C_94 is outside the world bounds!
[2017.08.21-06.06.23:061][323]LogProjectileMovement: Warning: MyProjectile_C_96 is outside the world bounds!
[2017.08.21-06.06.23:283][343]LogProjectileMovement: Warning: MyProjectile_C_93 is outside the world bounds!
[2017.08.21-06.06.28:031][768]LogProjectileMovement: Warning: MyProjectile_C_97 is outside the world bounds!
[2017.08.21-06.06.31:949][119]LogNet: Browse: /Game/Maps/The_End_Of_Summer
[2017.08.21-06.06.31:960][119]LogLoad: LoadMap: /Game/Maps/The_End_Of_Summer
[2017.08.21-06.06.32:012][119]LogMemory: Platform Memory Stats for WindowsNoEditor
[2017.08.21-06.06.32:012][119]LogMemory: Process Physical Memory: 427.61 MB used, 702.05 MB peak
[2017.08.21-06.06.32:012][119]LogMemory: Process Virtual Memory: 1682.72 MB used, 1975.38 MB peak
[2017.08.21-06.06.32:012][119]LogMemory: Physical Memory: 6983.58 MB used,  9315.10 MB free, 16298.68 MB total
[2017.08.21-06.06.32:012][119]LogMemory: Virtual Memory: 2364.62 MB used,  9315.10 MB free, 134217728.00 MB total
[2017.08.21-06.06.32:012][119]LogMemory: 
[2017.08.21-06.06.32:012][119]FMallocBinned2 Mem report
[2017.08.21-06.06.32:012][119]Small Pool
[2017.08.21-06.06.32:012][119]Requested Allocations: 652.334595mb  (including block size padding)
[2017.08.21-06.06.32:012][119]OS Allocated: 59.687500mb
[2017.08.21-06.06.32:012][119]Large Pool
[2017.08.21-06.06.32:012][119]Requested Allocations: 102.277878mb
[2017.08.21-06.06.32:012][119]OS Allocated: 103.000000mb
[2017.08.21-06.06.32:012][119]OS Page Allocator
[2017.08.21-06.06.32:012][119]Cached free pages: 4.000000mb
[2017.08.21-06.06.32:048][119]LogAIModule: Creating AISystem for world The_End_Of_Summer
[2017.08.21-06.06.32:049][119]LogLoad: Game class is 'NewGameMode_C'
[2017.08.21-06.06.32:050][119]LogUMG: Display: Widget Class Last_C - Loaded Fast Template.
[2017.08.21-06.06.32:050][119]LogWorld: Bringing World /Game/Maps/The_End_Of_Summer.The_End_Of_Summer up for play (max tick rate 0) at 2017.08.21-15.06.32
[2017.08.21-06.06.32:050][119]LogWorld: Bringing up level for play took: 0.000671
[2017.08.21-06.06.32:051][119]LogGameMode: FindPlayerStart: PATHS NOT DEFINED or NO PLAYERSTART with positive rating
[2017.08.21-06.06.32:053][119]LogLoad: Took 0.093504 seconds to LoadMap(/Game/Maps/The_End_Of_Summer)
[2017.08.21-06.06.32:071][121]LogSlate: Took 0.006056 seconds to synchronously load lazily loaded font '../../../summer/Content/Fonts/ackaisyo.ufont' (9192K)
[2017.08.21-06.06.45:016][280]Closing by request
[2017.08.21-06.06.45:016][280]LogWindows: FPlatformMisc::RequestExit(0)
[2017.08.21-06.06.45:368][281]LogStreaming: Display: Suspending async loading (1)
[2017.08.21-06.06.45:397][281]LogStreaming: Display: Resuming async loading (0)
[2017.08.21-06.06.45:399][281]LogSlate: Request Window 'summer (64-bit, PCD3D_SM5)' being destroyed
[2017.08.21-06.06.45:400][281]LogStreaming: Display: Suspending async loading (1)
[2017.08.21-06.06.45:455][281]LogStreaming: Display: Resuming async loading (0)
[2017.08.21-06.06.45:456][281]LogSlate: Window 'summer (64-bit, PCD3D_SM5)' being destroyed
[2017.08.21-06.06.45:459][281]LogWindowsTextInputMethodSystem: Display: IME system now activated using TSF (Google 日本語入力).
[2017.08.21-06.06.45:479][281]LogExit: Preparing to exit.
[2017.08.21-06.06.45:479][281]LogMoviePlayer: Shutting down movie player
[2017.08.21-06.06.45:543][281]LogExit: Game engine shut down
[2017.08.21-06.06.45:568][281]LogExit: Object subsystem successfully closed.
[2017.08.21-06.06.45:577][281]LogD3D11RHI: Shutdown
[2017.08.21-06.06.45:577][281]LogD3D11RHI: CleanupD3DDevice
[2017.08.21-06.06.45:580][281]LogD3D11RHI: ~FD3D11DynamicRHI
[2017.08.21-06.06.45:580][281]LogModuleManager: Shutting down and abandoning module AutomationController (158)
[2017.08.21-06.06.45:581][281]LogModuleManager: Shutting down and abandoning module AutomationWorker (156)
[2017.08.21-06.06.45:581][281]LogModuleManager: Shutting down and abandoning module AIModule (154)
[2017.08.21-06.06.45:581][281]LogModuleManager: Shutting down and abandoning module GameplayDebugger (153)
[2017.08.21-06.06.45:581][281]LogModuleManager: Shutting down and abandoning module WmfMediaFactory (150)
[2017.08.21-06.06.45:581][281]LogModuleManager: Shutting down and abandoning module AvfMediaFactory (148)
[2017.08.21-06.06.45:581][281]LogModuleManager: Shutting down and abandoning module AndroidMediaFactory (146)
[2017.08.21-06.06.45:581][281]LogModuleManager: Shutting down and abandoning module Media (145)
[2017.08.21-06.06.45:581][281]LogModuleManager: Shutting down and abandoning module CharacterAI (142)
[2017.08.21-06.06.45:581][281]LogModuleManager: Shutting down and abandoning module SessionServices (140)
[2017.08.21-06.06.45:581][281]LogModuleManager: Shutting down and abandoning module MovieSceneTracks (138)
[2017.08.21-06.06.45:581][281]LogModuleManager: Shutting down and abandoning module MovieScene (136)
[2017.08.21-06.06.45:581][281]LogModuleManager: Shutting down and abandoning module GeometryCache (134)
[2017.08.21-06.06.45:581][281]LogModuleManager: Shutting down and abandoning module Niagara (132)
[2017.08.21-06.06.45:581][281]LogModuleManager: Shutting down and abandoning module StreamingPauseRendering (130)
[2017.08.21-06.06.45:581][281]LogModuleManager: Shutting down and abandoning module AnalyticsET (128)
[2017.08.21-06.06.45:581][281]LogModuleManager: Shutting down and abandoning module ProfilerService (126)
[2017.08.21-06.06.45:754][281]LogModuleManager: Shutting down and abandoning module TaskGraph (124)
[2017.08.21-06.06.45:754][281]LogModuleManager: Shutting down and abandoning module HTML5Networking (120)
[2017.08.21-06.06.45:754][281]LogModuleManager: Shutting down and abandoning module SteamVRController (118)
[2017.08.21-06.06.45:754][281]LogModuleManager: Shutting down and abandoning module ProceduralMeshComponent (116)
[2017.08.21-06.06.45:754][281]LogModuleManager: Shutting down and abandoning module MobilePatchingUtils (114)
[2017.08.21-06.06.45:754][281]LogModuleManager: Shutting down and abandoning module CustomMeshComponent (112)
[2017.08.21-06.06.45:754][281]LogModuleManager: Shutting down and abandoning module CableComponent (110)
[2017.08.21-06.06.45:754][281]LogModuleManager: Shutting down and abandoning module ArchVisCharacter (108)
[2017.08.21-06.06.45:754][281]LogModuleManager: Shutting down and abandoning module AndroidPermission (106)
[2017.08.21-06.06.45:754][281]LogModuleManager: Shutting down and abandoning module OculusInput (104)
[2017.08.21-06.06.45:754][281]LogModuleManager: Shutting down and abandoning module UdpMessaging (102)
[2017.08.21-06.06.45:754][281]LogModuleManager: Shutting down and abandoning module TcpMessaging (100)
[2017.08.21-06.06.45:754][281]LogModuleManager: Shutting down and abandoning module FacialAnimation (98)
[2017.08.21-06.06.45:754][281]LogModuleManager: Shutting down and abandoning module LightPropagationVolumeRuntime (96)
[2017.08.21-06.06.45:754][281]LogModuleManager: Shutting down and abandoning module RuntimePhysXCooking (94)
[2017.08.21-06.06.45:754][281]LogModuleManager: Shutting down and abandoning module PhysXVehicles (92)
[2017.08.21-06.06.45:755][281]LogModuleManager: Shutting down and abandoning module LocationServicesBPLibrary (90)
[2017.08.21-06.06.45:755][281]LogModuleManager: Shutting down and abandoning module ImmediatePhysics (88)
[2017.08.21-06.06.45:755][281]LogModuleManager: Shutting down and abandoning module Paper2D (86)
[2017.08.21-06.06.45:755][281]LogModuleManager: Shutting down and abandoning module WmfMedia (84)
[2017.08.21-06.06.45:755][281]LogModuleManager: Shutting down and abandoning module WindowsMoviePlayer (82)
[2017.08.21-06.06.45:758][281]LogModuleManager: Shutting down and abandoning module PacketHandler (80)
[2017.08.21-06.06.45:758][281]LogModuleManager: Shutting down and abandoning module ClothingSystemRuntime (78)
[2017.08.21-06.06.45:758][281]LogModuleManager: Shutting down and abandoning module Overlay (76)
[2017.08.21-06.06.45:758][281]LogModuleManager: Shutting down and abandoning module MediaAssets (74)
[2017.08.21-06.06.45:758][281]LogModuleManager: Shutting down and abandoning module UMG (72)
[2017.08.21-06.06.45:758][281]LogModuleManager: Shutting down and abandoning module SlateReflector (70)
[2017.08.21-06.06.45:758][281]LogModuleManager: Shutting down and abandoning module Slate (68)
[2017.08.21-06.06.45:758][281]LogModuleManager: Shutting down and abandoning module MRMesh (66)
[2017.08.21-06.06.45:758][281]LogModuleManager: Shutting down and abandoning module Messaging (64)
[2017.08.21-06.06.45:758][281]LogModuleManager: Shutting down and abandoning module HeadMountedDisplay (62)
[2017.08.21-06.06.45:758][281]LogModuleManager: Shutting down and abandoning module XAudio2 (60)
[2017.08.21-06.06.45:758][281]LogModuleManager: Shutting down and abandoning module Networking (58)
[2017.08.21-06.06.45:758][281]LogModuleManager: Shutting down and abandoning module Core (54)
[2017.08.21-06.06.45:758][281]LogModuleManager: Shutting down and abandoning module LevelSequence (52)
[2017.08.21-06.06.45:758][281]LogModuleManager: Shutting down and abandoning module ImageWrapper (48)
[2017.08.21-06.06.45:758][281]LogModuleManager: Shutting down and abandoning module InputCore (46)
[2017.08.21-06.06.45:758][281]LogModuleManager: Shutting down and abandoning module PhysXCooking (44)
[2017.08.21-06.06.45:758][281]LogModuleManager: Shutting down and abandoning module OnlineSubsystem (40)
[2017.08.21-06.06.45:758][281]LogOnline: Display: Unloading online subsystem: NULL
[2017.08.21-06.06.45:758][281]LogModuleManager: Shutting down and abandoning module HTTP (39)
[2017.08.21-06.06.45:758][281]LogHttp: Display: Http module shutting down, but needs to wait on 1 outstanding Http requests:
[2017.08.21-06.06.45:758][281]LogHttp: Display: 	verb=[POST] url=[https://datarouter.ol.epicgames.com/datarouter/api/v1/public/data?SessionID=%7B0FBB0CBD-4A7E-9FC8-5345-25872824C1B9%7D&AppID=UEGame.Rocket.Release%7C00000000000000000000000000000000%7CUE4Game&AppVersion=4.17.1-3586342%2B%2B%2BUE4%2BRelease-4.17&UserID=ANON-%7B49BBD72B-4DE0-D389-F0AD-D3972607EA0D%7D%7C%7C&AppEnvironment=datacollector-binary&UploadType=eteventstream] status=Processing
[2017.08.21-06.06.45:758][281]LogHttp: Warning: 00000239B1F37180: request failed, libcurl error: 6 (Couldn't resolve host name)
[2017.08.21-06.06.45:758][281]LogHttp: Warning: 00000239B1F37180: libcurl info message cache 0 (Could not resolve host: datarouter.ol.epicgames.com)
[2017.08.21-06.06.45:758][281]LogHttp: Warning: 00000239B1F37180: libcurl info message cache 1 (Closing connection 1)
[2017.08.21-06.06.45:762][281]LogModuleManager: Shutting down and abandoning module SSL (38)
[2017.08.21-06.06.45:762][281]LogModuleManager: Shutting down and abandoning module SteamVR (34)
[2017.08.21-06.06.45:762][281]LogModuleManager: Shutting down and abandoning module ExampleDeviceProfileSelector (32)
[2017.08.21-06.06.45:762][281]LogModuleManager: Shutting down and abandoning module OculusHMD (30)
[2017.08.21-06.06.45:762][281]LogModuleManager: Shutting down and abandoning module ShaderCore (28)
[2017.08.21-06.06.45:762][281]LogModuleManager: Shutting down and abandoning module Landscape (26)
[2017.08.21-06.06.45:762][281]LogModuleManager: Shutting down and abandoning module SlateRHIRenderer (24)
[2017.08.21-06.06.45:763][281]LogModuleManager: Shutting down and abandoning module OpenGLDrv (22)
[2017.08.21-06.06.45:763][281]LogModuleManager: Shutting down and abandoning module D3D11RHI (20)
[2017.08.21-06.06.45:763][281]LogModuleManager: Shutting down and abandoning module AnimGraphRuntime (18)
[2017.08.21-06.06.45:764][281]LogModuleManager: Shutting down and abandoning module Renderer (16)
[2017.08.21-06.06.45:764][281]LogModuleManager: Shutting down and abandoning module Engine (14)
[2017.08.21-06.06.45:764][281]LogModuleManager: Shutting down and abandoning module CoreUObject (12)
[2017.08.21-06.06.45:764][281]LogModuleManager: Shutting down and abandoning module NetworkFile (10)
[2017.08.21-06.06.45:764][281]LogModuleManager: Shutting down and abandoning module CookedIterativeFile (8)
[2017.08.21-06.06.45:764][281]LogModuleManager: Shutting down and abandoning module StreamingFile (6)
[2017.08.21-06.06.45:764][281]LogModuleManager: Shutting down and abandoning module SandboxFile (4)
[2017.08.21-06.06.45:764][281]LogModuleManager: Shutting down and abandoning module PakFile (2)
[2017.08.21-06.06.45:767][281]LogExit: Exiting.
[2017.08.21-06.06.45:769][281]Log file closed, 08/21/17 15:06:45
