Log file open, 08/21/17 15:08:14
LogWindows: LoadLibraryWithSearchPaths failed for file aqProf.dll. GetLastError=0
LogWindows: LoadLibraryWithSearchPaths failed for file VtuneApi.dll. GetLastError=0
LogWindows: LoadLibraryWithSearchPaths failed for file VtuneApi32e.dll. GetLastError=0
LogInit: Display: Running engine for game: summer
LogInit: Display: Project file not found: ../../../summer/summer.uproject
LogInit: Display: 	Attempting to find via project info helper.
LogUProjectInfo: Found projects:
LogPlatformFile: Not using cached read wrapper
LogInit: Display: RandInit(-226778398) SRandInit(-226778397).
LogTaskGraph: Started task graph with 5 named threads and 14 total threads with 3 sets of task threads.
LogStats: Stats thread started at 0.152735
LogD3D11RHI: Aftermath initialized
LogPluginManager: Mounting plugin Paper2D
LogPluginManager: Mounting plugin OculusVR
LogPluginManager: Mounting plugin AndroidPermission
LogPluginManager: Mounting plugin ArchVisCharacter
LogPluginManager: Mounting plugin CableComponent
LogPluginManager: Mounting plugin CustomMeshComponent
LogPluginManager: Mounting plugin ExampleDeviceProfileSelector
LogPluginManager: Mounting plugin ImmediatePhysics
LogPluginManager: Mounting plugin LocationServicesBPLibrary
LogPluginManager: Mounting plugin MobilePatchingUtils
LogPluginManager: Mounting plugin PhysXVehicles
LogPluginManager: Mounting plugin ProceduralMeshComponent
LogPluginManager: Mounting plugin RuntimePhysXCooking
LogPluginManager: Mounting plugin SteamVR
LogPluginManager: Mounting plugin WindowsMoviePlayer
LogPluginManager: Mounting plugin LightPropagationVolume
LogPluginManager: Mounting plugin FacialAnimation
LogPluginManager: Mounting plugin CharacterAI
LogPluginManager: Mounting plugin HTML5Networking
LogPluginManager: Mounting plugin AndroidMedia
LogPluginManager: Mounting plugin AvfMedia
LogPluginManager: Mounting plugin WmfMedia
LogPluginManager: Mounting plugin TcpMessaging
LogPluginManager: Mounting plugin UdpMessaging
LogPluginManager: Mounting plugin OnlineSubsystem
LogPluginManager: Mounting plugin OnlineSubsystemNull
LogPluginManager: Mounting plugin OnlineSubsystemUtils
LogInit: Using libcurl 7.47.1
LogInit:  - built for x86_64-pc-win32
LogInit:  - supports SSL with OpenSSL/1.0.2g
LogInit:  - supports HTTP deflate (compression) using libz 1.2.8
LogInit:  - other features:
LogInit:      CURL_VERSION_SSL
LogInit:      CURL_VERSION_LIBZ
LogInit:      CURL_VERSION_IPV6
LogInit:      CURL_VERSION_ASYNCHDNS
LogInit:      CURL_VERSION_LARGEFILE
LogInit:      CURL_VERSION_IDN
LogInit:  CurlRequestOptions (configurable via config and command line):
LogInit:  - bVerifyPeer = false  - Libcurl will NOT verify peer certificate
LogInit:  - bUseHttpProxy = false  - Libcurl will NOT use HTTP proxy
LogInit:  - bDontReuseConnections = false  - Libcurl will reuse connections
LogInit:  - CertBundlePath = nullptr  - Libcurl will use whatever was configured at build time.
LogInit: Build: ++UE4+Release-4.17-CL-3586342
LogInit: Engine Version: 4.17.1-3586342+++UE4+Release-4.17
LogInit: Compatible Engine Version: 4.17.0-3573198+++UE4+Release-4.17
LogInit: Net CL: 3573198
LogDevObjectVersion: Number of dev versions registered: 16
LogDevObjectVersion:   Dev-Blueprints (B0D832E4-1F89-4F0D-ACCF-7EB736FD4AA2): 10
LogDevObjectVersion:   Dev-Build (E1C64328-A22C-4D53-A36C-8E866417BD8C): 0
LogDevObjectVersion:   Dev-Core (375EC13C-06E4-48FB-B500-84F0262A717E): 2
LogDevObjectVersion:   Dev-Editor (E4B068ED-F494-42E9-A231-DA0B2E46BB41): 20
LogDevObjectVersion:   Dev-Framework (CFFC743F-43B0-4480-9391-14DF171D2073): 28
LogDevObjectVersion:   Dev-Mobile (B02B49B5-BB20-44E9-A304-32B752E40360): 0
LogDevObjectVersion:   Dev-Networking (A4E4105C-59A1-49B5-A7C5-40C4547EDFEE): 0
LogDevObjectVersion:   Dev-Online (39C831C9-5AE6-47DC-9A44-9C173E1C8E7C): 0
LogDevObjectVersion:   Dev-Physics (78F01B33-EBEA-4F98-B9B4-84EACCB95AA2): 0
LogDevObjectVersion:   Dev-Platform (6631380F-2D4D-43E0-8009-CF276956A95A): 0
LogDevObjectVersion:   Dev-Rendering (12F88B9F-8875-4AFC-A67C-D90C383ABD29): 19
LogDevObjectVersion:   Dev-Sequencer (7B5AE74C-D270-4C10-A958-57980B212A5A): 4
LogDevObjectVersion:   Dev-VR (D7296918-1DD6-4BDD-9DE2-64A83CC13884): 0
LogDevObjectVersion:   Dev-LoadTimes (C2A15278-BFE7-4AFE-6C17-90FF531DF755): 1
LogDevObjectVersion:   Private-Geometry (6EACA3D4-40EC-4CC1-B786-8BED09428FC5): 1
LogDevObjectVersion:   Dev-AnimPhys (29E575DD-E0A3-4627-9D10-D276232CDCEA): 7
LogInit: Compiled (64-bit): Aug 15 2017 02:07:53
LogInit: Compiled with Visual C++: 19.00.24215.01
LogInit: Build Configuration: Development
LogInit: Branch Name: ++UE4+Release-4.17
LogInit: Command line:  
LogInit: Base directory: E:/summer/WindowsNoEditor/Engine/Binaries/Win64/
LogInit: Installed Engine Build: 0
LogInit: Presizing for max 2097152 objects, including 0 objects not considered by GC, pre-allocating 0 bytes for permanent pool.
LogStreaming: Display: Async Loading initialized: Event Driven Loader: true, Async Loading Thread: true
LogInit: Object subsystem initialized
[2017.08.21-06.08.14:393][  0]LogInit: Selected Device Profile: [WindowsNoEditor]
[2017.08.21-06.08.14:393][  0]LogInit: Applying CVar settings loaded from the selected device profile: [WindowsNoEditor]
[2017.08.21-06.08.14:398][  0]LogInit: Computer: DESKTOP-L8K1I79
[2017.08.21-06.08.14:398][  0]LogInit: User: right
[2017.08.21-06.08.14:398][  0]LogInit: CPU Page size=4096, Cores=4
[2017.08.21-06.08.14:398][  0]LogInit: High frequency timer resolution =3.515614 MHz
[2017.08.21-06.08.14:399][  0]LogMemory: Memory total: Physical=15.9GB (16GB approx)
[2017.08.21-06.08.14:399][  0]LogMemory: Platform Memory Stats for WindowsNoEditor
[2017.08.21-06.08.14:399][  0]LogMemory: Process Physical Memory: 98.19 MB used, 98.19 MB peak
[2017.08.21-06.08.14:399][  0]LogMemory: Process Virtual Memory: 111.58 MB used, 111.58 MB peak
[2017.08.21-06.08.14:399][  0]LogMemory: Physical Memory: 6702.74 MB used,  9595.94 MB free, 16298.68 MB total
[2017.08.21-06.08.14:399][  0]LogMemory: Virtual Memory: 341.72 MB used,  9595.94 MB free, 134217728.00 MB total
[2017.08.21-06.08.14:476][  0]LogInit: Using OS detected language (ja-JP).
[2017.08.21-06.08.14:476][  0]LogInit: Using OS detected locale (ja-JP).
[2017.08.21-06.08.14:476][  0]LogTextLocalizationManager: No localization for 'ja-JP' exists, so 'en' will be used for the language.
[2017.08.21-06.08.14:477][  0]LogTextLocalizationManager: No localization for 'ja-JP' exists, so 'en' will be used for the locale.
[2017.08.21-06.08.14:521][  0]LogD3D11RHI: D3D11 adapters:
[2017.08.21-06.08.15:037][  0]LogD3D11RHI:    0. 'NVIDIA GeForce GTX 1070' (Feature Level 11_0)
[2017.08.21-06.08.15:037][  0]LogD3D11RHI:       8085/0/8149 MB DedicatedVideo/DedicatedSystem/SharedSystem, Outputs:1, VendorId:0x10de
[2017.08.21-06.08.15:039][  0]LogD3D11RHI:    1. 'Microsoft Basic Render Driver' (Feature Level 11_0)
[2017.08.21-06.08.15:039][  0]LogD3D11RHI:       0/0/8149 MB DedicatedVideo/DedicatedSystem/SharedSystem, Outputs:0, VendorId:0x1414
[2017.08.21-06.08.15:039][  0]LogD3D11RHI: Chosen D3D11 Adapter: 0
[2017.08.21-06.08.15:044][  0]LogD3D11RHI: Creating new Direct3DDevice
[2017.08.21-06.08.15:044][  0]LogD3D11RHI:     GPU DeviceId: 0x1b81 (for the marketing name, search the web for "GPU Device Id")
[2017.08.21-06.08.15:044][  0]LogWindows: EnumDisplayDevices:
[2017.08.21-06.08.15:044][  0]LogWindows:    0. 'NVIDIA GeForce GTX 1070' (P:1 D:1)
[2017.08.21-06.08.15:045][  0]LogWindows:    1. 'NVIDIA GeForce GTX 1070' (P:0 D:0)
[2017.08.21-06.08.15:045][  0]LogWindows:    2. 'NVIDIA GeForce GTX 1070' (P:0 D:0)
[2017.08.21-06.08.15:045][  0]LogWindows:    3. 'NVIDIA GeForce GTX 1070' (P:0 D:0)
[2017.08.21-06.08.15:045][  0]LogWindows: DebugString: FoundDriverCount:4 
[2017.08.21-06.08.15:045][  0]LogD3D11RHI:     Adapter Name: NVIDIA GeForce GTX 1070
[2017.08.21-06.08.15:045][  0]LogD3D11RHI:   Driver Version: 385.28 (internal:22.21.13.8528, unified:385.28)
[2017.08.21-06.08.15:045][  0]LogD3D11RHI:      Driver Date: 8-9-2017
[2017.08.21-06.08.15:045][  0]LogRHI: Texture pool is 1361 MB (70% of 1945 MB)
[2017.08.21-06.08.15:538][  0]LogD3D11RHI: Async texture creation enabled
[2017.08.21-06.08.15:572][  0]LogD3D11RHI: GPU Timing Frequency: 1000.000000 (Debug: 2 1)
[2017.08.21-06.08.15:592][  0]LogMaterial: Verifying Global Shaders for PCD3D_SM5
[2017.08.21-06.08.15:593][  0]LogSlate: Using Freetype 2.6.0
[2017.08.21-06.08.15:595][  0]LogSlate: SlateFontCache - WITH_FREETYPE: 1, WITH_HARFBUZZ: 1
[2017.08.21-06.08.15:595][  0]LogSlate: SlateFontCache - WITH_FREETYPE: 1, WITH_HARFBUZZ: 1
[2017.08.21-06.08.15:656][  0]LogAssetRegistry: FAssetRegistry took 0.0126 seconds to start up
[2017.08.21-06.08.15:757][  0]LogPackageLocalizationCache: Processed 5 localized package path(s) for 1 prioritized culture(s) in 0.002226 seconds
[2017.08.21-06.08.15:758][  0]LogPakFile: New pak file ../../../summer/Content/Paks/summer-WindowsNoEditor.pak added to pak precacher.
[2017.08.21-06.08.15:759][  0]LogInit: Selected Device Profile: [WindowsNoEditor]
[2017.08.21-06.08.15:765][  0]LogContentStreaming: Texture pool size is 1000.00 MB
[2017.08.21-06.08.15:805][  0]LogNetVersion: summer , NetCL: 3573198, EngineNetVer: 2, GameNetVer: 0 (Checksum: 2807056679)
[2017.08.21-06.08.15:866][  0]LogInit: WinSock: version 1.1 (2.2), MaxSocks=32767, MaxUdp=65467
[2017.08.21-06.08.15:880][  0]LogMoviePlayer: Initializing movie player
[2017.08.21-06.08.15:992][  0]LogOcInput: OculusInput pre-init called
[2017.08.21-06.08.15:992][  0]LogAndroidPermission: UAndroidPermissionCallbackProxy::GetInstance
[2017.08.21-06.08.16:001][  0]LogUObjectArray: 30841 objects as part of root set at end of initial load.
[2017.08.21-06.08.16:001][  0]LogUObjectAllocator: 6112624 out of 0 bytes used by permanent object pool.
[2017.08.21-06.08.16:001][  0]LogUObjectArray: CloseDisregardForGC: 0/0 objects in disregard for GC pool
[2017.08.21-06.08.16:024][  0]LogEngine: Initializing Engine...
[2017.08.21-06.08.16:066][  0]LogHMD: SteamVR initialized.  Driver: lighthouse  Display: LHR-38AFB3DE
[2017.08.21-06.08.16:226][  0]LogStats: UGameplayTagsManager::ConstructGameplayTagTree: Construct from data asset -  0.000 s
[2017.08.21-06.08.16:226][  0]LogStats: UGameplayTagsManager::ConstructGameplayTagTree: GameplayTagTreeChangedEvent.Broadcast -  0.000 s
[2017.08.21-06.08.16:243][  0]LogInit: XAudio2 using 'スピーカー (4- HTC Vive)' : 2 channels at 44.1 kHz using 16 bits per sample (channel mask 0x3)
[2017.08.21-06.08.16:264][  0]LogInit: FAudioDevice initialized.
[2017.08.21-06.08.16:275][  0]LogInit: Texture streaming: Enabled
[2017.08.21-06.08.16:276][  0]LogConsoleManager: Warning: Setting the console variable 'r.VSync' with 'SetByGameSetting' was ignored as it is lower priority than the previous 'SetByCode'. Value remains '0'
[2017.08.21-06.08.16:278][  0]LogInit: Display: Game Engine Initialized.
[2017.08.21-06.08.16:278][  0]LogGameplayTags: Display: UGameplayTagsManager::DoneAddingNativeTags. DelegateIsBound: 0
[2017.08.21-06.08.16:290][  0]LogInit: Display: Starting Game.
[2017.08.21-06.08.16:291][  0]LogNet: Browse: /Game/Maps/start_map?Name=Player
[2017.08.21-06.08.16:291][  0]LogLoad: LoadMap: /Game/Maps/start_map?Name=Player
[2017.08.21-06.08.16:308][  0]LogMemory: Platform Memory Stats for WindowsNoEditor
[2017.08.21-06.08.16:308][  0]LogMemory: Process Physical Memory: 429.37 MB used, 514.85 MB peak
[2017.08.21-06.08.16:308][  0]LogMemory: Process Virtual Memory: 662.54 MB used, 723.11 MB peak
[2017.08.21-06.08.16:308][  0]LogMemory: Physical Memory: 7020.55 MB used,  9278.13 MB free, 16298.68 MB total
[2017.08.21-06.08.16:308][  0]LogMemory: Virtual Memory: 1262.03 MB used,  9278.13 MB free, 134217728.00 MB total
[2017.08.21-06.08.16:308][  0]LogMemory: 
[2017.08.21-06.08.16:308][  0]FMallocBinned2 Mem report
[2017.08.21-06.08.16:308][  0]Small Pool
[2017.08.21-06.08.16:308][  0]Requested Allocations: 24.462158mb  (including block size padding)
[2017.08.21-06.08.16:308][  0]OS Allocated: 28.500000mb
[2017.08.21-06.08.16:308][  0]Large Pool
[2017.08.21-06.08.16:308][  0]Requested Allocations: 78.971939mb
[2017.08.21-06.08.16:308][  0]OS Allocated: 79.562500mb
[2017.08.21-06.08.16:308][  0]OS Page Allocator
[2017.08.21-06.08.16:308][  0]Cached free pages: 0.000000mb
[2017.08.21-06.08.16:346][  0]LogMaterial: Can't compile M_start with cooked content, will use default material instead
[2017.08.21-06.08.16:346][  0]LogMaterial: Warning: Failed to compile Material /Game/Movies/M_start.M_start for platform PCD3D_SM5, Default Material will be used in game.
[2017.08.21-06.08.16:350][  0]LogAIModule: Creating AISystem for world start_map
[2017.08.21-06.08.16:352][  0]LogLoad: Game class is 'NewGameMode_C'
[2017.08.21-06.08.16:353][  0]LogUMG: Display: Widget Class StartMenue_C - Loaded Fast Template.
[2017.08.21-06.08.16:355][  0]LogWorld: Bringing World /Game/Maps/start_map.start_map up for play (max tick rate 0) at 2017.08.21-15.08.16
[2017.08.21-06.08.16:356][  0]LogWorld: Bringing up level for play took: 0.002756
[2017.08.21-06.08.16:357][  0]LogGameMode: FindPlayerStart: PATHS NOT DEFINED or NO PLAYERSTART with positive rating
[2017.08.21-06.08.16:396][  0]LogSlate: Took 0.031763 seconds to synchronously load lazily loaded font '../../../summer/Content/Fonts/ackaisyo.ufont' (9192K)
[2017.08.21-06.08.16:396][  0]LogLoad: Took 0.105256 seconds to LoadMap(/Game/Maps/start_map)
[2017.08.21-06.08.16:620][  0]LogLoad: (Engine Initialization) Total time: 2.60 seconds
[2017.08.21-06.08.16:620][  0]LogExternalProfiler: Found external profiler: VSPerf
[2017.08.21-06.08.16:620][  0]LogExternalProfiler: Using external profiler: VSPerf
[2017.08.21-06.08.16:637][  0]LogSteamVRController: Controller role for device 3 is 2 (invalid=0, left=1, right=2).
[2017.08.21-06.08.16:637][  0]LogSteamVRController: Warning: Controller device 3 is being assigned to its prefered role 'right'.
[2017.08.21-06.08.16:637][  0]LogSteamVRController: Controller role for device 4 is 0 (invalid=0, left=1, right=2).
[2017.08.21-06.08.16:637][  0]LogSteamVRController: Putting controller 4 on the left hand because there is already a controller for the right.
[2017.08.21-06.08.16:639][  0]LogStreaming: Display: Suspending async loading (1)
[2017.08.21-06.08.16:680][  0]LogStreaming: Display: Resuming async loading (0)
[2017.08.21-06.08.16:684][  0]LogSlate: Took 0.001373 seconds to synchronously load lazily loaded font '../../../Engine/Content/EngineFonts/Faces/RobotoRegular.ufont' (155K)
[2017.08.21-06.08.16:692][  1]LogStreaming: Display: Suspending async loading (1)
[2017.08.21-06.08.16:760][  1]LogRenderer: Reallocating scene render targets to support 2688x1512 Format 10 NumSamples 4 (Frame:1).
[2017.08.21-06.08.16:822][  1]LogStreaming: Display: Resuming async loading (0)
[2017.08.21-06.08.16:826][  1]LogRenderer: Reallocating scene render targets to support 3024x1680 Format 10 NumSamples 4 (Frame:2).
[2017.08.21-06.08.16:827][  1]LogStreaming: Display: Suspending async loading (1)
[2017.08.21-06.08.16:879][  1]LogStreaming: Display: Resuming async loading (0)
[2017.08.21-06.08.39:045][985]LogNet: Browse: /Game/Maps/Intro
[2017.08.21-06.08.39:056][985]LogLoad: LoadMap: /Game/Maps/Intro
[2017.08.21-06.08.39:099][985]LogMemory: Platform Memory Stats for WindowsNoEditor
[2017.08.21-06.08.39:099][985]LogMemory: Process Physical Memory: 356.27 MB used, 514.85 MB peak
[2017.08.21-06.08.39:099][985]LogMemory: Process Virtual Memory: 1258.84 MB used, 1958.53 MB peak
[2017.08.21-06.08.39:099][985]LogMemory: Physical Memory: 6913.45 MB used,  9385.23 MB free, 16298.68 MB total
[2017.08.21-06.08.39:099][985]LogMemory: Virtual Memory: 1950.19 MB used,  9385.23 MB free, 134217728.00 MB total
[2017.08.21-06.08.39:099][985]LogMemory: 
[2017.08.21-06.08.39:099][985]FMallocBinned2 Mem report
[2017.08.21-06.08.39:100][985]Small Pool
[2017.08.21-06.08.39:100][985]Requested Allocations: 226.145142mb  (including block size padding)
[2017.08.21-06.08.39:100][985]OS Allocated: 36.687500mb
[2017.08.21-06.08.39:100][985]Large Pool
[2017.08.21-06.08.39:100][985]Requested Allocations: 101.372711mb
[2017.08.21-06.08.39:100][985]OS Allocated: 102.000000mb
[2017.08.21-06.08.39:100][985]OS Page Allocator
[2017.08.21-06.08.39:100][985]Cached free pages: 0.125000mb
[2017.08.21-06.08.39:135][985]LogAIModule: Creating AISystem for world Intro
[2017.08.21-06.08.39:136][985]LogLoad: Game class is 'NewGameMode_C'
[2017.08.21-06.08.39:137][985]LogUMG: Display: Widget Class IntroUI_C - Loaded Fast Template.
[2017.08.21-06.08.39:138][985]LogWorld: Bringing World /Game/Maps/Intro.Intro up for play (max tick rate 0) at 2017.08.21-15.08.39
[2017.08.21-06.08.39:138][985]LogWorld: Bringing up level for play took: 0.000760
[2017.08.21-06.08.39:138][985]LogGameMode: FindPlayerStart: PATHS NOT DEFINED or NO PLAYERSTART with positive rating
[2017.08.21-06.08.39:140][985]LogLoad: Took 0.084968 seconds to LoadMap(/Game/Maps/Intro)
[2017.08.21-06.08.39:141][985]LogLevel: Warning: Failed to find streaming level object associated with 'NewMap'
[2017.08.21-06.08.39:152][987]LogSlate: Took 0.003437 seconds to synchronously load lazily loaded font '../../../summer/Content/Fonts/ackaisyo.ufont' (9192K)
[2017.08.21-06.08.50:091][967]LogNet: Browse: /Game/Maps/NewMap
[2017.08.21-06.08.50:102][967]LogLoad: LoadMap: /Game/Maps/NewMap
[2017.08.21-06.08.50:122][967]LogMemory: Platform Memory Stats for WindowsNoEditor
[2017.08.21-06.08.50:122][967]LogMemory: Process Physical Memory: 329.33 MB used, 514.85 MB peak
[2017.08.21-06.08.50:122][967]LogMemory: Process Virtual Memory: 1233.89 MB used, 1958.53 MB peak
[2017.08.21-06.08.50:122][967]LogMemory: Physical Memory: 6886.15 MB used,  9412.53 MB free, 16298.68 MB total
[2017.08.21-06.08.50:122][967]LogMemory: Virtual Memory: 1882.02 MB used,  9412.53 MB free, 134217728.00 MB total
[2017.08.21-06.08.50:122][967]LogMemory: 
[2017.08.21-06.08.50:122][967]FMallocBinned2 Mem report
[2017.08.21-06.08.50:122][967]Small Pool
[2017.08.21-06.08.50:122][967]Requested Allocations: 247.166458mb  (including block size padding)
[2017.08.21-06.08.50:122][967]OS Allocated: 36.687500mb
[2017.08.21-06.08.50:122][967]Large Pool
[2017.08.21-06.08.50:122][967]Requested Allocations: 101.247711mb
[2017.08.21-06.08.50:122][967]OS Allocated: 101.875000mb
[2017.08.21-06.08.50:122][967]OS Page Allocator
[2017.08.21-06.08.50:123][967]Cached free pages: 0.000000mb
[2017.08.21-06.08.50:653][967]LogMaterial: Can't compile lambert13 with cooked content, will use default material instead
[2017.08.21-06.08.50:654][967]LogMaterial: Warning: Failed to compile Material /Game/ikayaki/lambert13.lambert13 for platform PCD3D_SM5, Default Material will be used in game.
[2017.08.21-06.08.51:120][967]LogAIModule: Creating AISystem for world NewMap
[2017.08.21-06.08.51:122][967]LogLoad: Game class is 'NewGameMode_C'
[2017.08.21-06.08.51:137][967]LogWorld: Bringing World /Game/Maps/NewMap.NewMap up for play (max tick rate 0) at 2017.08.21-15.08.51
[2017.08.21-06.08.51:139][967]LogWorld: Bringing up level for play took: 0.016045
[2017.08.21-06.08.51:139][967]LogGameMode: FindPlayerStart: PATHS NOT DEFINED or NO PLAYERSTART with positive rating
[2017.08.21-06.08.51:142][967]LogLoad: Took 1.040595 seconds to LoadMap(/Game/Maps/NewMap)
[2017.08.21-06.08.57:621][288]LogPlayerController: Warning: Invalid hand specified (4) for haptic feedback effect MotionControllerHaptics
[2017.08.21-06.09.16:663][837]LogHttp: Warning: 0000022944F6EC80: request failed, libcurl error: 6 (Couldn't resolve host name)
[2017.08.21-06.09.16:664][837]LogHttp: Warning: 0000022944F6EC80: libcurl info message cache 0 (Could not resolve host: datarouter.ol.epicgames.com)
[2017.08.21-06.09.16:664][837]LogHttp: Warning: 0000022944F6EC80: libcurl info message cache 1 (Closing connection 0)
[2017.08.21-06.09.51:960][497]LogProjectileMovement: Warning: MyProjectile_C_1 is outside the world bounds!
[2017.08.21-06.09.52:475][543]LogProjectileMovement: Warning: MyProjectile_C_2 is outside the world bounds!
[2017.08.21-06.09.52:954][586]LogProjectileMovement: Warning: MyProjectile_C_3 is outside the world bounds!
[2017.08.21-06.09.53:512][636]LogProjectileMovement: Warning: MyProjectile_C_4 is outside the world bounds!
[2017.08.21-06.09.53:959][676]LogProjectileMovement: Warning: MyProjectile_C_5 is outside the world bounds!
[2017.08.21-06.09.55:155][783]LogProjectileMovement: Warning: MyProjectile_C_0 is outside the world bounds!
[2017.08.21-06.10.15:986][461]LogProjectileMovement: Warning: MyProjectile_C_6 is outside the world bounds!
[2017.08.21-06.10.20:521][867]LogSlate: Request Window 'summer (64-bit, PCD3D_SM5)' being destroyed
[2017.08.21-06.10.20:521][867]LogStreaming: Display: Suspending async loading (1)
[2017.08.21-06.10.20:557][867]LogStreaming: Display: Resuming async loading (0)
[2017.08.21-06.10.20:558][867]LogSlate: Window 'summer (64-bit, PCD3D_SM5)' being destroyed
[2017.08.21-06.10.20:560][867]LogWindowsTextInputMethodSystem: Display: IME system now activated using TSF (Google 日本語入力).
[2017.08.21-06.10.20:569][867]LogEngine: All Windows Closed
[2017.08.21-06.10.20:569][867]LogWindows: FPlatformMisc::RequestExit(0)
[2017.08.21-06.10.21:124][868]LogStreaming: Display: Suspending async loading (1)
[2017.08.21-06.10.21:129][868]LogStreaming: Display: Resuming async loading (0)
[2017.08.21-06.10.21:142][868]LogExit: Preparing to exit.
[2017.08.21-06.10.21:142][868]LogMoviePlayer: Shutting down movie player
[2017.08.21-06.10.21:179][868]LogExit: Game engine shut down
[2017.08.21-06.10.21:210][868]LogExit: Object subsystem successfully closed.
[2017.08.21-06.10.21:231][868]LogD3D11RHI: Shutdown
[2017.08.21-06.10.21:232][868]LogD3D11RHI: CleanupD3DDevice
[2017.08.21-06.10.21:235][868]LogD3D11RHI: ~FD3D11DynamicRHI
[2017.08.21-06.10.21:236][868]LogModuleManager: Shutting down and abandoning module AutomationController (158)
[2017.08.21-06.10.21:236][868]LogModuleManager: Shutting down and abandoning module AutomationWorker (156)
[2017.08.21-06.10.21:236][868]LogModuleManager: Shutting down and abandoning module AIModule (154)
[2017.08.21-06.10.21:236][868]LogModuleManager: Shutting down and abandoning module GameplayDebugger (153)
[2017.08.21-06.10.21:236][868]LogModuleManager: Shutting down and abandoning module WmfMediaFactory (150)
[2017.08.21-06.10.21:236][868]LogModuleManager: Shutting down and abandoning module AvfMediaFactory (148)
[2017.08.21-06.10.21:236][868]LogModuleManager: Shutting down and abandoning module AndroidMediaFactory (146)
[2017.08.21-06.10.21:236][868]LogModuleManager: Shutting down and abandoning module Media (145)
[2017.08.21-06.10.21:236][868]LogModuleManager: Shutting down and abandoning module CharacterAI (142)
[2017.08.21-06.10.21:236][868]LogModuleManager: Shutting down and abandoning module SessionServices (140)
[2017.08.21-06.10.21:236][868]LogModuleManager: Shutting down and abandoning module MovieSceneTracks (138)
[2017.08.21-06.10.21:236][868]LogModuleManager: Shutting down and abandoning module MovieScene (136)
[2017.08.21-06.10.21:236][868]LogModuleManager: Shutting down and abandoning module GeometryCache (134)
[2017.08.21-06.10.21:236][868]LogModuleManager: Shutting down and abandoning module Niagara (132)
[2017.08.21-06.10.21:236][868]LogModuleManager: Shutting down and abandoning module StreamingPauseRendering (130)
[2017.08.21-06.10.21:236][868]LogModuleManager: Shutting down and abandoning module AnalyticsET (128)
[2017.08.21-06.10.21:236][868]LogModuleManager: Shutting down and abandoning module ProfilerService (126)
[2017.08.21-06.10.21:449][868]LogModuleManager: Shutting down and abandoning module TaskGraph (124)
[2017.08.21-06.10.21:449][868]LogModuleManager: Shutting down and abandoning module HTML5Networking (120)
[2017.08.21-06.10.21:449][868]LogModuleManager: Shutting down and abandoning module SteamVRController (118)
[2017.08.21-06.10.21:449][868]LogModuleManager: Shutting down and abandoning module ProceduralMeshComponent (116)
[2017.08.21-06.10.21:449][868]LogModuleManager: Shutting down and abandoning module MobilePatchingUtils (114)
[2017.08.21-06.10.21:449][868]LogModuleManager: Shutting down and abandoning module CustomMeshComponent (112)
[2017.08.21-06.10.21:449][868]LogModuleManager: Shutting down and abandoning module CableComponent (110)
[2017.08.21-06.10.21:449][868]LogModuleManager: Shutting down and abandoning module ArchVisCharacter (108)
[2017.08.21-06.10.21:449][868]LogModuleManager: Shutting down and abandoning module AndroidPermission (106)
[2017.08.21-06.10.21:449][868]LogModuleManager: Shutting down and abandoning module OculusInput (104)
[2017.08.21-06.10.21:449][868]LogModuleManager: Shutting down and abandoning module UdpMessaging (102)
[2017.08.21-06.10.21:449][868]LogModuleManager: Shutting down and abandoning module TcpMessaging (100)
[2017.08.21-06.10.21:449][868]LogModuleManager: Shutting down and abandoning module FacialAnimation (98)
[2017.08.21-06.10.21:449][868]LogModuleManager: Shutting down and abandoning module LightPropagationVolumeRuntime (96)
[2017.08.21-06.10.21:449][868]LogModuleManager: Shutting down and abandoning module RuntimePhysXCooking (94)
[2017.08.21-06.10.21:449][868]LogModuleManager: Shutting down and abandoning module PhysXVehicles (92)
[2017.08.21-06.10.21:449][868]LogModuleManager: Shutting down and abandoning module LocationServicesBPLibrary (90)
[2017.08.21-06.10.21:449][868]LogModuleManager: Shutting down and abandoning module ImmediatePhysics (88)
[2017.08.21-06.10.21:449][868]LogModuleManager: Shutting down and abandoning module Paper2D (86)
[2017.08.21-06.10.21:449][868]LogModuleManager: Shutting down and abandoning module WmfMedia (84)
[2017.08.21-06.10.21:449][868]LogModuleManager: Shutting down and abandoning module WindowsMoviePlayer (82)
[2017.08.21-06.10.21:452][868]LogModuleManager: Shutting down and abandoning module PacketHandler (80)
[2017.08.21-06.10.21:452][868]LogModuleManager: Shutting down and abandoning module ClothingSystemRuntime (78)
[2017.08.21-06.10.21:452][868]LogModuleManager: Shutting down and abandoning module Overlay (76)
[2017.08.21-06.10.21:452][868]LogModuleManager: Shutting down and abandoning module MediaAssets (74)
[2017.08.21-06.10.21:452][868]LogModuleManager: Shutting down and abandoning module UMG (72)
[2017.08.21-06.10.21:452][868]LogModuleManager: Shutting down and abandoning module SlateReflector (70)
[2017.08.21-06.10.21:452][868]LogModuleManager: Shutting down and abandoning module Slate (68)
[2017.08.21-06.10.21:452][868]LogModuleManager: Shutting down and abandoning module MRMesh (66)
[2017.08.21-06.10.21:452][868]LogModuleManager: Shutting down and abandoning module Messaging (64)
[2017.08.21-06.10.21:452][868]LogModuleManager: Shutting down and abandoning module HeadMountedDisplay (62)
[2017.08.21-06.10.21:452][868]LogModuleManager: Shutting down and abandoning module XAudio2 (60)
[2017.08.21-06.10.21:452][868]LogModuleManager: Shutting down and abandoning module Networking (58)
[2017.08.21-06.10.21:452][868]LogModuleManager: Shutting down and abandoning module Core (54)
[2017.08.21-06.10.21:452][868]LogModuleManager: Shutting down and abandoning module LevelSequence (52)
[2017.08.21-06.10.21:452][868]LogModuleManager: Shutting down and abandoning module ImageWrapper (48)
[2017.08.21-06.10.21:452][868]LogModuleManager: Shutting down and abandoning module InputCore (46)
[2017.08.21-06.10.21:452][868]LogModuleManager: Shutting down and abandoning module PhysXCooking (44)
[2017.08.21-06.10.21:452][868]LogModuleManager: Shutting down and abandoning module OnlineSubsystem (40)
[2017.08.21-06.10.21:452][868]LogOnline: Display: Unloading online subsystem: NULL
[2017.08.21-06.10.21:452][868]LogModuleManager: Shutting down and abandoning module HTTP (39)
[2017.08.21-06.10.21:452][868]LogHttp: Display: Http module shutting down, but needs to wait on 1 outstanding Http requests:
[2017.08.21-06.10.21:452][868]LogHttp: Display: 	verb=[POST] url=[https://datarouter.ol.epicgames.com/datarouter/api/v1/public/data?SessionID=%7BC038231D-44C3-FB9F-04A7-A7B6E47645D1%7D&AppID=UEGame.Rocket.Release%7C00000000000000000000000000000000%7CUE4Game&AppVersion=4.17.1-3586342%2B%2B%2BUE4%2BRelease-4.17&UserID=ANON-%7B49BBD72B-4DE0-D389-F0AD-D3972607EA0D%7D%7C%7C&AppEnvironment=datacollector-binary&UploadType=eteventstream] status=Processing
[2017.08.21-06.10.21:452][868]LogHttp: Warning: 0000022901129880: request failed, libcurl error: 6 (Couldn't resolve host name)
[2017.08.21-06.10.21:452][868]LogHttp: Warning: 0000022901129880: libcurl info message cache 0 (Could not resolve host: datarouter.ol.epicgames.com)
[2017.08.21-06.10.21:452][868]LogHttp: Warning: 0000022901129880: libcurl info message cache 1 (Closing connection 1)
[2017.08.21-06.10.21:487][868]LogModuleManager: Shutting down and abandoning module SSL (38)
[2017.08.21-06.10.21:487][868]LogModuleManager: Shutting down and abandoning module SteamVR (34)
[2017.08.21-06.10.21:487][868]LogModuleManager: Shutting down and abandoning module ExampleDeviceProfileSelector (32)
[2017.08.21-06.10.21:487][868]LogModuleManager: Shutting down and abandoning module OculusHMD (30)
[2017.08.21-06.10.21:487][868]LogModuleManager: Shutting down and abandoning module ShaderCore (28)
[2017.08.21-06.10.21:487][868]LogModuleManager: Shutting down and abandoning module Landscape (26)
[2017.08.21-06.10.21:487][868]LogModuleManager: Shutting down and abandoning module SlateRHIRenderer (24)
[2017.08.21-06.10.21:487][868]LogModuleManager: Shutting down and abandoning module OpenGLDrv (22)
[2017.08.21-06.10.21:487][868]LogModuleManager: Shutting down and abandoning module D3D11RHI (20)
[2017.08.21-06.10.21:487][868]LogModuleManager: Shutting down and abandoning module AnimGraphRuntime (18)
[2017.08.21-06.10.21:487][868]LogModuleManager: Shutting down and abandoning module Renderer (16)
[2017.08.21-06.10.21:487][868]LogModuleManager: Shutting down and abandoning module Engine (14)
[2017.08.21-06.10.21:487][868]LogModuleManager: Shutting down and abandoning module CoreUObject (12)
[2017.08.21-06.10.21:487][868]LogModuleManager: Shutting down and abandoning module NetworkFile (10)
[2017.08.21-06.10.21:487][868]LogModuleManager: Shutting down and abandoning module CookedIterativeFile (8)
[2017.08.21-06.10.21:487][868]LogModuleManager: Shutting down and abandoning module StreamingFile (6)
[2017.08.21-06.10.21:487][868]LogModuleManager: Shutting down and abandoning module SandboxFile (4)
[2017.08.21-06.10.21:487][868]LogModuleManager: Shutting down and abandoning module PakFile (2)
[2017.08.21-06.10.21:490][868]LogExit: Exiting.
[2017.08.21-06.10.21:492][868]Log file closed, 08/21/17 15:10:21
