Log file open, 08/21/17 15:02:55
LogWindows: LoadLibraryWithSearchPaths failed for file aqProf.dll. GetLastError=0
LogWindows: LoadLibraryWithSearchPaths failed for file VtuneApi.dll. GetLastError=0
LogWindows: LoadLibraryWithSearchPaths failed for file VtuneApi32e.dll. GetLastError=0
LogInit: Display: Running engine for game: summer
LogInit: Display: Project file not found: ../../../summer/summer.uproject
LogInit: Display: 	Attempting to find via project info helper.
LogUProjectInfo: Found projects:
LogPlatformFile: Not using cached read wrapper
LogInit: Display: RandInit(-1345809556) SRandInit(-1345809556).
LogTaskGraph: Started task graph with 5 named threads and 14 total threads with 3 sets of task threads.
LogStats: Stats thread started at 0.152186
LogD3D11RHI: Aftermath initialized
LogPluginManager: Mounting plugin Paper2D
LogPluginManager: Mounting plugin OculusVR
LogPluginManager: Mounting plugin AndroidPermission
LogPluginManager: Mounting plugin ArchVisCharacter
LogPluginManager: Mounting plugin CableComponent
LogPluginManager: Mounting plugin CustomMeshComponent
LogPluginManager: Mounting plugin ExampleDeviceProfileSelector
LogPluginManager: Mounting plugin ImmediatePhysics
LogPluginManager: Mounting plugin LocationServicesBPLibrary
LogPluginManager: Mounting plugin MobilePatchingUtils
LogPluginManager: Mounting plugin PhysXVehicles
LogPluginManager: Mounting plugin ProceduralMeshComponent
LogPluginManager: Mounting plugin RuntimePhysXCooking
LogPluginManager: Mounting plugin SteamVR
LogPluginManager: Mounting plugin WindowsMoviePlayer
LogPluginManager: Mounting plugin LightPropagationVolume
LogPluginManager: Mounting plugin FacialAnimation
LogPluginManager: Mounting plugin CharacterAI
LogPluginManager: Mounting plugin HTML5Networking
LogPluginManager: Mounting plugin AndroidMedia
LogPluginManager: Mounting plugin AvfMedia
LogPluginManager: Mounting plugin WmfMedia
LogPluginManager: Mounting plugin TcpMessaging
LogPluginManager: Mounting plugin UdpMessaging
LogPluginManager: Mounting plugin OnlineSubsystem
LogPluginManager: Mounting plugin OnlineSubsystemNull
LogPluginManager: Mounting plugin OnlineSubsystemUtils
LogInit: Using libcurl 7.47.1
LogInit:  - built for x86_64-pc-win32
LogInit:  - supports SSL with OpenSSL/1.0.2g
LogInit:  - supports HTTP deflate (compression) using libz 1.2.8
LogInit:  - other features:
LogInit:      CURL_VERSION_SSL
LogInit:      CURL_VERSION_LIBZ
LogInit:      CURL_VERSION_IPV6
LogInit:      CURL_VERSION_ASYNCHDNS
LogInit:      CURL_VERSION_LARGEFILE
LogInit:      CURL_VERSION_IDN
LogInit:  CurlRequestOptions (configurable via config and command line):
LogInit:  - bVerifyPeer = false  - Libcurl will NOT verify peer certificate
LogInit:  - bUseHttpProxy = false  - Libcurl will NOT use HTTP proxy
LogInit:  - bDontReuseConnections = false  - Libcurl will reuse connections
LogInit:  - CertBundlePath = nullptr  - Libcurl will use whatever was configured at build time.
LogInit: Build: ++UE4+Release-4.17-CL-3586342
LogInit: Engine Version: 4.17.1-3586342+++UE4+Release-4.17
LogInit: Compatible Engine Version: 4.17.0-3573198+++UE4+Release-4.17
LogInit: Net CL: 3573198
LogDevObjectVersion: Number of dev versions registered: 16
LogDevObjectVersion:   Dev-Blueprints (B0D832E4-1F89-4F0D-ACCF-7EB736FD4AA2): 10
LogDevObjectVersion:   Dev-Build (E1C64328-A22C-4D53-A36C-8E866417BD8C): 0
LogDevObjectVersion:   Dev-Core (375EC13C-06E4-48FB-B500-84F0262A717E): 2
LogDevObjectVersion:   Dev-Editor (E4B068ED-F494-42E9-A231-DA0B2E46BB41): 20
LogDevObjectVersion:   Dev-Framework (CFFC743F-43B0-4480-9391-14DF171D2073): 28
LogDevObjectVersion:   Dev-Mobile (B02B49B5-BB20-44E9-A304-32B752E40360): 0
LogDevObjectVersion:   Dev-Networking (A4E4105C-59A1-49B5-A7C5-40C4547EDFEE): 0
LogDevObjectVersion:   Dev-Online (39C831C9-5AE6-47DC-9A44-9C173E1C8E7C): 0
LogDevObjectVersion:   Dev-Physics (78F01B33-EBEA-4F98-B9B4-84EACCB95AA2): 0
LogDevObjectVersion:   Dev-Platform (6631380F-2D4D-43E0-8009-CF276956A95A): 0
LogDevObjectVersion:   Dev-Rendering (12F88B9F-8875-4AFC-A67C-D90C383ABD29): 19
LogDevObjectVersion:   Dev-Sequencer (7B5AE74C-D270-4C10-A958-57980B212A5A): 4
LogDevObjectVersion:   Dev-VR (D7296918-1DD6-4BDD-9DE2-64A83CC13884): 0
LogDevObjectVersion:   Dev-LoadTimes (C2A15278-BFE7-4AFE-6C17-90FF531DF755): 1
LogDevObjectVersion:   Private-Geometry (6EACA3D4-40EC-4CC1-B786-8BED09428FC5): 1
LogDevObjectVersion:   Dev-AnimPhys (29E575DD-E0A3-4627-9D10-D276232CDCEA): 7
LogInit: Compiled (64-bit): Aug 15 2017 02:07:53
LogInit: Compiled with Visual C++: 19.00.24215.01
LogInit: Build Configuration: Development
LogInit: Branch Name: ++UE4+Release-4.17
LogInit: Command line:  
LogInit: Base directory: E:/summer/WindowsNoEditor/Engine/Binaries/Win64/
LogInit: Installed Engine Build: 0
LogInit: Presizing for max 2097152 objects, including 0 objects not considered by GC, pre-allocating 0 bytes for permanent pool.
LogStreaming: Display: Async Loading initialized: Event Driven Loader: true, Async Loading Thread: true
LogInit: Object subsystem initialized
[2017.08.21-06.02.56:085][  0]LogInit: Selected Device Profile: [WindowsNoEditor]
[2017.08.21-06.02.56:085][  0]LogInit: Applying CVar settings loaded from the selected device profile: [WindowsNoEditor]
[2017.08.21-06.02.56:090][  0]LogInit: Computer: DESKTOP-L8K1I79
[2017.08.21-06.02.56:090][  0]LogInit: User: right
[2017.08.21-06.02.56:090][  0]LogInit: CPU Page size=4096, Cores=4
[2017.08.21-06.02.56:090][  0]LogInit: High frequency timer resolution =3.515614 MHz
[2017.08.21-06.02.56:090][  0]LogMemory: Memory total: Physical=15.9GB (16GB approx)
[2017.08.21-06.02.56:090][  0]LogMemory: Platform Memory Stats for WindowsNoEditor
[2017.08.21-06.02.56:090][  0]LogMemory: Process Physical Memory: 98.24 MB used, 98.24 MB peak
[2017.08.21-06.02.56:090][  0]LogMemory: Process Virtual Memory: 111.64 MB used, 111.64 MB peak
[2017.08.21-06.02.56:090][  0]LogMemory: Physical Memory: 6724.86 MB used,  9573.82 MB free, 16298.68 MB total
[2017.08.21-06.02.56:090][  0]LogMemory: Virtual Memory: 341.72 MB used,  9573.82 MB free, 134217728.00 MB total
[2017.08.21-06.02.56:167][  0]LogInit: Using OS detected language (ja-JP).
[2017.08.21-06.02.56:167][  0]LogInit: Using OS detected locale (ja-JP).
[2017.08.21-06.02.56:167][  0]LogTextLocalizationManager: No localization for 'ja-JP' exists, so 'en' will be used for the language.
[2017.08.21-06.02.56:168][  0]LogTextLocalizationManager: No localization for 'ja-JP' exists, so 'en' will be used for the locale.
[2017.08.21-06.02.56:211][  0]LogD3D11RHI: D3D11 adapters:
[2017.08.21-06.02.56:724][  0]LogD3D11RHI:    0. 'NVIDIA GeForce GTX 1070' (Feature Level 11_0)
[2017.08.21-06.02.56:725][  0]LogD3D11RHI:       8085/0/8149 MB DedicatedVideo/DedicatedSystem/SharedSystem, Outputs:1, VendorId:0x10de
[2017.08.21-06.02.56:726][  0]LogD3D11RHI:    1. 'Microsoft Basic Render Driver' (Feature Level 11_0)
[2017.08.21-06.02.56:726][  0]LogD3D11RHI:       0/0/8149 MB DedicatedVideo/DedicatedSystem/SharedSystem, Outputs:0, VendorId:0x1414
[2017.08.21-06.02.56:726][  0]LogD3D11RHI: Chosen D3D11 Adapter: 0
[2017.08.21-06.02.56:732][  0]LogD3D11RHI: Creating new Direct3DDevice
[2017.08.21-06.02.56:732][  0]LogD3D11RHI:     GPU DeviceId: 0x1b81 (for the marketing name, search the web for "GPU Device Id")
[2017.08.21-06.02.56:732][  0]LogWindows: EnumDisplayDevices:
[2017.08.21-06.02.56:732][  0]LogWindows:    0. 'NVIDIA GeForce GTX 1070' (P:1 D:1)
[2017.08.21-06.02.56:732][  0]LogWindows:    1. 'NVIDIA GeForce GTX 1070' (P:0 D:0)
[2017.08.21-06.02.56:732][  0]LogWindows:    2. 'NVIDIA GeForce GTX 1070' (P:0 D:0)
[2017.08.21-06.02.56:732][  0]LogWindows:    3. 'NVIDIA GeForce GTX 1070' (P:0 D:0)
[2017.08.21-06.02.56:732][  0]LogWindows: DebugString: FoundDriverCount:4 
[2017.08.21-06.02.56:732][  0]LogD3D11RHI:     Adapter Name: NVIDIA GeForce GTX 1070
[2017.08.21-06.02.56:732][  0]LogD3D11RHI:   Driver Version: 385.28 (internal:22.21.13.8528, unified:385.28)
[2017.08.21-06.02.56:732][  0]LogD3D11RHI:      Driver Date: 8-9-2017
[2017.08.21-06.02.56:732][  0]LogRHI: Texture pool is 1361 MB (70% of 1945 MB)
[2017.08.21-06.02.57:224][  0]LogD3D11RHI: Async texture creation enabled
[2017.08.21-06.02.57:261][  0]LogD3D11RHI: GPU Timing Frequency: 1000.000000 (Debug: 2 1)
[2017.08.21-06.02.57:280][  0]LogMaterial: Verifying Global Shaders for PCD3D_SM5
[2017.08.21-06.02.57:281][  0]LogSlate: Using Freetype 2.6.0
[2017.08.21-06.02.57:283][  0]LogSlate: SlateFontCache - WITH_FREETYPE: 1, WITH_HARFBUZZ: 1
[2017.08.21-06.02.57:283][  0]LogSlate: SlateFontCache - WITH_FREETYPE: 1, WITH_HARFBUZZ: 1
[2017.08.21-06.02.57:345][  0]LogAssetRegistry: FAssetRegistry took 0.0127 seconds to start up
[2017.08.21-06.02.57:443][  0]LogPackageLocalizationCache: Processed 5 localized package path(s) for 1 prioritized culture(s) in 0.002163 seconds
[2017.08.21-06.02.57:443][  0]LogPakFile: New pak file ../../../summer/Content/Paks/summer-WindowsNoEditor.pak added to pak precacher.
[2017.08.21-06.02.57:445][  0]LogInit: Selected Device Profile: [WindowsNoEditor]
[2017.08.21-06.02.57:451][  0]LogContentStreaming: Texture pool size is 1000.00 MB
[2017.08.21-06.02.57:490][  0]LogNetVersion: summer , NetCL: 3573198, EngineNetVer: 2, GameNetVer: 0 (Checksum: 2807056679)
[2017.08.21-06.02.57:551][  0]LogInit: WinSock: version 1.1 (2.2), MaxSocks=32767, MaxUdp=65467
[2017.08.21-06.02.57:564][  0]LogMoviePlayer: Initializing movie player
[2017.08.21-06.02.57:695][  0]LogOcInput: OculusInput pre-init called
[2017.08.21-06.02.57:696][  0]LogAndroidPermission: UAndroidPermissionCallbackProxy::GetInstance
[2017.08.21-06.02.57:705][  0]LogUObjectArray: 30841 objects as part of root set at end of initial load.
[2017.08.21-06.02.57:705][  0]LogUObjectAllocator: 6112624 out of 0 bytes used by permanent object pool.
[2017.08.21-06.02.57:705][  0]LogUObjectArray: CloseDisregardForGC: 0/0 objects in disregard for GC pool
[2017.08.21-06.02.57:727][  0]LogEngine: Initializing Engine...
[2017.08.21-06.02.57:778][  0]LogHMD: SteamVR initialized.  Driver: lighthouse  Display: LHR-38AFB3DE
[2017.08.21-06.02.57:936][  0]LogStats: UGameplayTagsManager::ConstructGameplayTagTree: Construct from data asset -  0.000 s
[2017.08.21-06.02.57:936][  0]LogStats: UGameplayTagsManager::ConstructGameplayTagTree: GameplayTagTreeChangedEvent.Broadcast -  0.000 s
[2017.08.21-06.02.57:960][  0]LogInit: XAudio2 using 'スピーカー (4- HTC Vive)' : 2 channels at 44.1 kHz using 16 bits per sample (channel mask 0x3)
[2017.08.21-06.02.57:978][  0]LogInit: FAudioDevice initialized.
[2017.08.21-06.02.57:989][  0]LogInit: Texture streaming: Enabled
[2017.08.21-06.02.57:991][  0]LogConsoleManager: Warning: Setting the console variable 'r.VSync' with 'SetByGameSetting' was ignored as it is lower priority than the previous 'SetByCode'. Value remains '0'
[2017.08.21-06.02.57:993][  0]LogInit: Display: Game Engine Initialized.
[2017.08.21-06.02.57:993][  0]LogGameplayTags: Display: UGameplayTagsManager::DoneAddingNativeTags. DelegateIsBound: 0
[2017.08.21-06.02.58:003][  0]LogInit: Display: Starting Game.
[2017.08.21-06.02.58:003][  0]LogNet: Browse: /Game/Maps/start_map?Name=Player
[2017.08.21-06.02.58:003][  0]LogLoad: LoadMap: /Game/Maps/start_map?Name=Player
[2017.08.21-06.02.58:017][  0]LogMemory: Platform Memory Stats for WindowsNoEditor
[2017.08.21-06.02.58:017][  0]LogMemory: Process Physical Memory: 429.45 MB used, 512.41 MB peak
[2017.08.21-06.02.58:017][  0]LogMemory: Process Virtual Memory: 662.31 MB used, 723.01 MB peak
[2017.08.21-06.02.58:017][  0]LogMemory: Physical Memory: 7049.68 MB used,  9249.00 MB free, 16298.68 MB total
[2017.08.21-06.02.58:017][  0]LogMemory: Virtual Memory: 1261.77 MB used,  9249.00 MB free, 134217728.00 MB total
[2017.08.21-06.02.58:017][  0]LogMemory: 
[2017.08.21-06.02.58:017][  0]FMallocBinned2 Mem report
[2017.08.21-06.02.58:017][  0]Small Pool
[2017.08.21-06.02.58:017][  0]Requested Allocations: 24.445892mb  (including block size padding)
[2017.08.21-06.02.58:017][  0]OS Allocated: 28.375000mb
[2017.08.21-06.02.58:018][  0]Large Pool
[2017.08.21-06.02.58:018][  0]Requested Allocations: 78.971939mb
[2017.08.21-06.02.58:018][  0]OS Allocated: 79.562500mb
[2017.08.21-06.02.58:018][  0]OS Page Allocator
[2017.08.21-06.02.58:018][  0]Cached free pages: 0.000000mb
[2017.08.21-06.02.58:057][  0]LogMaterial: Can't compile M_start with cooked content, will use default material instead
[2017.08.21-06.02.58:057][  0]LogMaterial: Warning: Failed to compile Material /Game/Movies/M_start.M_start for platform PCD3D_SM5, Default Material will be used in game.
[2017.08.21-06.02.58:063][  0]LogAIModule: Creating AISystem for world start_map
[2017.08.21-06.02.58:065][  0]LogLoad: Game class is 'NewGameMode_C'
[2017.08.21-06.02.58:066][  0]LogUMG: Display: Widget Class StartMenue_C - Loaded Fast Template.
[2017.08.21-06.02.58:067][  0]LogWorld: Bringing World /Game/Maps/start_map.start_map up for play (max tick rate 0) at 2017.08.21-15.02.58
[2017.08.21-06.02.58:067][  0]LogWorld: Bringing up level for play took: 0.001405
[2017.08.21-06.02.58:067][  0]LogGameMode: FindPlayerStart: PATHS NOT DEFINED or NO PLAYERSTART with positive rating
[2017.08.21-06.02.58:105][  0]LogSlate: Took 0.031533 seconds to synchronously load lazily loaded font '../../../summer/Content/Fonts/ackaisyo.ufont' (9192K)
[2017.08.21-06.02.58:105][  0]LogLoad: Took 0.102389 seconds to LoadMap(/Game/Maps/start_map)
[2017.08.21-06.02.58:329][  0]LogLoad: (Engine Initialization) Total time: 2.62 seconds
[2017.08.21-06.02.58:329][  0]LogExternalProfiler: Found external profiler: VSPerf
[2017.08.21-06.02.58:329][  0]LogExternalProfiler: Using external profiler: VSPerf
[2017.08.21-06.02.58:347][  0]LogSteamVRController: Controller role for device 3 is 2 (invalid=0, left=1, right=2).
[2017.08.21-06.02.58:347][  0]LogSteamVRController: Warning: Controller device 3 is being assigned to its prefered role 'right'.
[2017.08.21-06.02.58:347][  0]LogSteamVRController: Controller role for device 4 is 1 (invalid=0, left=1, right=2).
[2017.08.21-06.02.58:347][  0]LogSteamVRController: Putting controller 4 on the left hand because there is already a controller for the right.
[2017.08.21-06.02.58:349][  0]LogStreaming: Display: Suspending async loading (1)
[2017.08.21-06.02.58:389][  0]LogStreaming: Display: Resuming async loading (0)
[2017.08.21-06.02.58:394][  0]LogSlate: Took 0.001399 seconds to synchronously load lazily loaded font '../../../Engine/Content/EngineFonts/Faces/RobotoRegular.ufont' (155K)
[2017.08.21-06.02.58:400][  1]LogStreaming: Display: Suspending async loading (1)
[2017.08.21-06.02.58:463][  1]LogRenderer: Reallocating scene render targets to support 2688x1512 Format 10 NumSamples 4 (Frame:1).
[2017.08.21-06.02.58:523][  1]LogWindows: Windows GetLastError: この操作を正しく終了しました。 (0)
[2017.08.21-06.02.58:523][  1]LogStreaming: Display: Resuming async loading (0)
[2017.08.21-06.02.58:527][  1]LogRenderer: Reallocating scene render targets to support 3024x1680 Format 10 NumSamples 4 (Frame:2).
[2017.08.21-06.02.58:527][  1]LogStreaming: Display: Suspending async loading (1)
[2017.08.21-06.02.58:580][  1]LogStreaming: Display: Resuming async loading (0)
